<?xml version="1.0" encoding="UTF-8"?>
<testsuite name="id.ac.ui.cs.advprog.bidmart.wallet.event.WalletAuctionEventListenerTest" tests="4" skipped="0" failures="0" errors="0" timestamp="2026-05-08T13:36:47.648Z" hostname="NAIL" time="0.02">
  <properties/>
  <testcase name="onAuctionSettled_skipsWhenWinnersAreEmpty()" classname="id.ac.ui.cs.advprog.bidmart.wallet.event.WalletAuctionEventListenerTest" time="0.002"/>
  <testcase name="onAuctionUnsold_releasesAllHoldsForAuction()" classname="id.ac.ui.cs.advprog.bidmart.wallet.event.WalletAuctionEventListenerTest" time="0.002"/>
  <testcase name="onAuctionSettled_mapsWinnersAndCallsSettleAuction()" classname="id.ac.ui.cs.advprog.bidmart.wallet.event.WalletAuctionEventListenerTest" time="0.01"/>
  <testcase name="onAuctionSettled_skipsWhenWinnersAreNull()" classname="id.ac.ui.cs.advprog.bidmart.wallet.event.WalletAuctionEventListenerTest" time="0.003"/>
  <system-out><![CDATA[2026-05-08T20:36:47.650+07:00  INFO 19644 --- [bidmart-wallet] [    Test worker] a.u.c.a.b.w.e.WalletAuctionEventListener : Received auction.settled: auctionId=50b703dc-6991-45aa-a916-59dbb79ed9e3, type=OPEN, winners=0
2026-05-08T20:36:47.651+07:00  INFO 19644 --- [bidmart-wallet] [    Test worker] a.u.c.a.b.w.e.WalletAuctionEventListener : No winners in event for auctionId=50b703dc-6991-45aa-a916-59dbb79ed9e3 (type=OPEN), skipping.
2026-05-08T20:36:47.653+07:00  INFO 19644 --- [bidmart-wallet] [    Test worker] a.u.c.a.b.w.e.WalletAuctionEventListener : Received auction.unsold: auctionId=890dae10-2e19-4017-8f8b-72940dfafeae
2026-05-08T20:36:47.657+07:00  INFO 19644 --- [bidmart-wallet] [    Test worker] a.u.c.a.b.w.e.WalletAuctionEventListener : Received auction.settled: auctionId=a36019d4-af8d-49e8-b2cf-23a554a5907a, type=OPEN, winners=1
2026-05-08T20:36:47.667+07:00  INFO 19644 --- [bidmart-wallet] [    Test worker] a.u.c.a.b.w.e.WalletAuctionEventListener : Received auction.settled: auctionId=3657beb1-3c3d-42b8-87e2-3bfef827e738, type=OPEN, winners=0
2026-05-08T20:36:47.667+07:00  INFO 19644 --- [bidmart-wallet] [    Test worker] a.u.c.a.b.w.e.WalletAuctionEventListener : No winners in event for auctionId=3657beb1-3c3d-42b8-87e2-3bfef827e738 (type=OPEN), skipping.
]]></system-out>
  <system-err><![CDATA[]]></system-err>
</testsuite>
