<?xml version="1.0" encoding="UTF-8"?>
<testsuite name="id.ac.ui.cs.advprog.bidmart.wallet.service.WalletServiceImplTest" tests="23" skipped="0" failures="0" errors="0" timestamp="2026-05-04T11:03:55.874Z" hostname="NAIL" time="7.623">
  <properties/>
  <testcase name="getWalletByUserIdForAdmin_throwsIfNotFound()" classname="id.ac.ui.cs.advprog.bidmart.wallet.service.WalletServiceImplTest" time="6.473"/>
  <testcase name="withdraw_throwsIfInsufficientBalance()" classname="id.ac.ui.cs.advprog.bidmart.wallet.service.WalletServiceImplTest" time="0.043"/>
  <testcase name="captureHold_throwsIfAlreadyReleased()" classname="id.ac.ui.cs.advprog.bidmart.wallet.service.WalletServiceImplTest" time="0.05"/>
  <testcase name="getWalletByUserIdForAdmin_returnsWallet()" classname="id.ac.ui.cs.advprog.bidmart.wallet.service.WalletServiceImplTest" time="0.06"/>
  <testcase name="topUp_increasesAvailableBalance()" classname="id.ac.ui.cs.advprog.bidmart.wallet.service.WalletServiceImplTest" time="0.29"/>
  <testcase name="getWallet_createsWalletIfNotExists()" classname="id.ac.ui.cs.advprog.bidmart.wallet.service.WalletServiceImplTest" time="0.029"/>
  <testcase name="settleAuction_noActiveHolds_returnsEmpty()" classname="id.ac.ui.cs.advprog.bidmart.wallet.service.WalletServiceImplTest" time="0.132"/>
  <testcase name="getTransactionHistoryForAdmin_returnsPage()" classname="id.ac.ui.cs.advprog.bidmart.wallet.service.WalletServiceImplTest" time="0.199"/>
  <testcase name="createHold_replacesExistingActiveHold()" classname="id.ac.ui.cs.advprog.bidmart.wallet.service.WalletServiceImplTest" time="0.047"/>
  <testcase name="createHold_throwsIfInsufficientBalance()" classname="id.ac.ui.cs.advprog.bidmart.wallet.service.WalletServiceImplTest" time="0.026"/>
  <testcase name="captureHold_capturesActiveHold()" classname="id.ac.ui.cs.advprog.bidmart.wallet.service.WalletServiceImplTest" time="0.03"/>
  <testcase name="releaseAllHolds_releasesAllActiveHolds()" classname="id.ac.ui.cs.advprog.bidmart.wallet.service.WalletServiceImplTest" time="0.017"/>
  <testcase name="releaseHold_idempotent_whenAlreadyReleased()" classname="id.ac.ui.cs.advprog.bidmart.wallet.service.WalletServiceImplTest" time="0.015"/>
  <testcase name="createHold_movesFromAvailableToHeld()" classname="id.ac.ui.cs.advprog.bidmart.wallet.service.WalletServiceImplTest" time="0.02"/>
  <testcase name="releaseHold_throwsIfAlreadyCaptured()" classname="id.ac.ui.cs.advprog.bidmart.wallet.service.WalletServiceImplTest" time="0.019"/>
  <testcase name="createHold_throwsIfAmountNotPositive()" classname="id.ac.ui.cs.advprog.bidmart.wallet.service.WalletServiceImplTest" time="0.015"/>
  <testcase name="settleAuction_capturesWinnersAndReleasesOthers()" classname="id.ac.ui.cs.advprog.bidmart.wallet.service.WalletServiceImplTest" time="0.032"/>
  <testcase name="withdraw_decreasesBalance()" classname="id.ac.ui.cs.advprog.bidmart.wallet.service.WalletServiceImplTest" time="0.02"/>
  <testcase name="releaseHold_releasesActiveHold()" classname="id.ac.ui.cs.advprog.bidmart.wallet.service.WalletServiceImplTest" time="0.013"/>
  <testcase name="captureHold_idempotent_whenAlreadyCaptured()" classname="id.ac.ui.cs.advprog.bidmart.wallet.service.WalletServiceImplTest" time="0.006"/>
  <testcase name="getTransactionHistoryForAdmin_throwsIfNotFound()" classname="id.ac.ui.cs.advprog.bidmart.wallet.service.WalletServiceImplTest" time="0.01"/>
  <testcase name="topUp_throwsIfAmountNotPositive()" classname="id.ac.ui.cs.advprog.bidmart.wallet.service.WalletServiceImplTest" time="0.01"/>
  <testcase name="getWallet_returnsExistingWallet()" classname="id.ac.ui.cs.advprog.bidmart.wallet.service.WalletServiceImplTest" time="0.006"/>
  <system-out><![CDATA[]]></system-out>
  <system-err><![CDATA[Mockito is currently self-attaching to enable the inline-mock-maker. This will no longer work in future releases of the JDK. Please add Mockito as an agent to your build what is described in Mockito's documentation: https://javadoc.io/doc/org.mockito/mockito-core/latest/org/mockito/Mockito.html#0.3
WARNING: A Java agent has been loaded dynamically (C:\Users\naail\.gradle\caches\modules-2\files-2.1\net.bytebuddy\byte-buddy-agent\1.15.11\a38b16385e867f59a641330f0362ebe742788ed8\byte-buddy-agent-1.15.11.jar)
WARNING: If a serviceability tool is in use, please run with -XX:+EnableDynamicAgentLoading to hide this warning
WARNING: If a serviceability tool is not in use, please run with -Djdk.instrument.traceUsage for more information
WARNING: Dynamic loading of agents will be disallowed by default in a future release
]]></system-err>
</testsuite>
