<?xml version="1.0" encoding="UTF-8"?>
<testsuite name="id.ac.ui.cs.advprog.bidmart.wallet.service.WalletServiceImplTest" tests="23" skipped="0" failures="0" errors="0" timestamp="2026-05-08T13:36:47.678Z" hostname="NAIL" time="0.749">
  <properties/>
  <testcase name="getWalletByUserIdForAdmin_throwsIfNotFound()" classname="id.ac.ui.cs.advprog.bidmart.wallet.service.WalletServiceImplTest" time="0.589"/>
  <testcase name="withdraw_throwsIfInsufficientBalance()" classname="id.ac.ui.cs.advprog.bidmart.wallet.service.WalletServiceImplTest" time="0.008"/>
  <testcase name="captureHold_throwsIfAlreadyReleased()" classname="id.ac.ui.cs.advprog.bidmart.wallet.service.WalletServiceImplTest" time="0.008"/>
  <testcase name="getWalletByUserIdForAdmin_returnsWallet()" classname="id.ac.ui.cs.advprog.bidmart.wallet.service.WalletServiceImplTest" time="0.003"/>
  <testcase name="topUp_increasesAvailableBalance()" classname="id.ac.ui.cs.advprog.bidmart.wallet.service.WalletServiceImplTest" time="0.005"/>
  <testcase name="getWallet_createsWalletIfNotExists()" classname="id.ac.ui.cs.advprog.bidmart.wallet.service.WalletServiceImplTest" time="0.007"/>
  <testcase name="settleAuction_noActiveHolds_returnsEmpty()" classname="id.ac.ui.cs.advprog.bidmart.wallet.service.WalletServiceImplTest" time="0.006"/>
  <testcase name="getTransactionHistoryForAdmin_returnsPage()" classname="id.ac.ui.cs.advprog.bidmart.wallet.service.WalletServiceImplTest" time="0.005"/>
  <testcase name="createHold_replacesExistingActiveHold()" classname="id.ac.ui.cs.advprog.bidmart.wallet.service.WalletServiceImplTest" time="0.006"/>
  <testcase name="createHold_throwsIfInsufficientBalance()" classname="id.ac.ui.cs.advprog.bidmart.wallet.service.WalletServiceImplTest" time="0.004"/>
  <testcase name="captureHold_capturesActiveHold()" classname="id.ac.ui.cs.advprog.bidmart.wallet.service.WalletServiceImplTest" time="0.006"/>
  <testcase name="releaseAllHolds_releasesAllActiveHolds()" classname="id.ac.ui.cs.advprog.bidmart.wallet.service.WalletServiceImplTest" time="0.008"/>
  <testcase name="releaseHold_idempotent_whenAlreadyReleased()" classname="id.ac.ui.cs.advprog.bidmart.wallet.service.WalletServiceImplTest" time="0.003"/>
  <testcase name="createHold_movesFromAvailableToHeld()" classname="id.ac.ui.cs.advprog.bidmart.wallet.service.WalletServiceImplTest" time="0.005"/>
  <testcase name="releaseHold_throwsIfAlreadyCaptured()" classname="id.ac.ui.cs.advprog.bidmart.wallet.service.WalletServiceImplTest" time="0.011"/>
  <testcase name="createHold_throwsIfAmountNotPositive()" classname="id.ac.ui.cs.advprog.bidmart.wallet.service.WalletServiceImplTest" time="0.007"/>
  <testcase name="settleAuction_capturesWinnersAndReleasesOthers()" classname="id.ac.ui.cs.advprog.bidmart.wallet.service.WalletServiceImplTest" time="0.006"/>
  <testcase name="withdraw_decreasesBalance()" classname="id.ac.ui.cs.advprog.bidmart.wallet.service.WalletServiceImplTest" time="0.006"/>
  <testcase name="releaseHold_releasesActiveHold()" classname="id.ac.ui.cs.advprog.bidmart.wallet.service.WalletServiceImplTest" time="0.006"/>
  <testcase name="captureHold_idempotent_whenAlreadyCaptured()" classname="id.ac.ui.cs.advprog.bidmart.wallet.service.WalletServiceImplTest" time="0.02"/>
  <testcase name="getTransactionHistoryForAdmin_throwsIfNotFound()" classname="id.ac.ui.cs.advprog.bidmart.wallet.service.WalletServiceImplTest" time="0.007"/>
  <testcase name="topUp_throwsIfAmountNotPositive()" classname="id.ac.ui.cs.advprog.bidmart.wallet.service.WalletServiceImplTest" time="0.004"/>
  <testcase name="getWallet_returnsExistingWallet()" classname="id.ac.ui.cs.advprog.bidmart.wallet.service.WalletServiceImplTest" time="0.004"/>
  <system-out><![CDATA[]]></system-out>
  <system-err><![CDATA[]]></system-err>
</testsuite>
