<?xml version="1.0" encoding="UTF-8"?>
<testsuite name="id.ac.ui.cs.advprog.bidmart.wallet.controller.WalletControllerIntegrationTest" tests="15" skipped="0" failures="0" errors="0" timestamp="2026-05-08T13:36:13.389Z" hostname="NAIL" time="34.121">
  <properties/>
  <testcase name="createHold_returns201()" classname="id.ac.ui.cs.advprog.bidmart.wallet.controller.WalletControllerIntegrationTest" time="1.21"/>
  <testcase name="adminGetTransactions_returns200WithTopUpRecord()" classname="id.ac.ui.cs.advprog.bidmart.wallet.controller.WalletControllerIntegrationTest" time="0.104"/>
  <testcase name="adminGetWallet_returns401WithNoToken()" classname="id.ac.ui.cs.advprog.bidmart.wallet.controller.WalletControllerIntegrationTest" time="0.041"/>
  <testcase name="adminGetWallet_returns401WithWrongToken()" classname="id.ac.ui.cs.advprog.bidmart.wallet.controller.WalletControllerIntegrationTest" time="0.037"/>
  <testcase name="createHold_returns409WhenInsufficientBalance()" classname="id.ac.ui.cs.advprog.bidmart.wallet.controller.WalletControllerIntegrationTest" time="0.079"/>
  <testcase name="settleAuction_returns200()" classname="id.ac.ui.cs.advprog.bidmart.wallet.controller.WalletControllerIntegrationTest" time="0.139"/>
  <testcase name="adminGetWallet_returns404IfWalletNotFound()" classname="id.ac.ui.cs.advprog.bidmart.wallet.controller.WalletControllerIntegrationTest" time="0.025"/>
  <testcase name="health_returnsUp()" classname="id.ac.ui.cs.advprog.bidmart.wallet.controller.WalletControllerIntegrationTest" time="0.059"/>
  <testcase name="releaseHold_idempotent_secondCallStillReturns200()" classname="id.ac.ui.cs.advprog.bidmart.wallet.controller.WalletControllerIntegrationTest" time="0.073"/>
  <testcase name="releaseHold_returns200()" classname="id.ac.ui.cs.advprog.bidmart.wallet.controller.WalletControllerIntegrationTest" time="0.06"/>
  <testcase name="captureHold_idempotent_secondCallStillReturns200()" classname="id.ac.ui.cs.advprog.bidmart.wallet.controller.WalletControllerIntegrationTest" time="0.063"/>
  <testcase name="settleAuction_noHolds_returns200WithEmptyLists()" classname="id.ac.ui.cs.advprog.bidmart.wallet.controller.WalletControllerIntegrationTest" time="0.032"/>
  <testcase name="adminGetWallet_returns200WithServiceToken()" classname="id.ac.ui.cs.advprog.bidmart.wallet.controller.WalletControllerIntegrationTest" time="0.032"/>
  <testcase name="releaseAll_returns200()" classname="id.ac.ui.cs.advprog.bidmart.wallet.controller.WalletControllerIntegrationTest" time="0.057"/>
  <testcase name="captureHold_returns200()" classname="id.ac.ui.cs.advprog.bidmart.wallet.controller.WalletControllerIntegrationTest" time="0.056"/>
  <system-out><![CDATA[20:36:13.725 [Test worker] INFO org.springframework.test.context.support.AnnotationConfigContextLoaderUtils -- Could not detect default configuration classes for test class [id.ac.ui.cs.advprog.bidmart.wallet.controller.WalletControllerIntegrationTest]: WalletControllerIntegrationTest does not declare any static, non-private, non-final, nested classes annotated with @Configuration.
20:36:14.721 [Test worker] INFO org.springframework.boot.test.context.SpringBootTestContextBootstrapper -- Found @SpringBootConfiguration id.ac.ui.cs.advprog.bidmart.wallet.WalletServiceApplication for test class id.ac.ui.cs.advprog.bidmart.wallet.controller.WalletControllerIntegrationTest

  .   ____          _            __ _ _
 /\\ / ___'_ __ _ _(_)_ __  __ _ \ \ \ \
( ( )\___ | '_ | '_| | '_ \/ _` | \ \ \ \
 \\/  ___)| |_)| | | | | || (_| |  ) ) ) )
  '  |____| .__|_| |_|_| |_\__, | / / / /
 =========|_|==============|___/=/_/_/_/

 :: Spring Boot ::                (v3.4.2)

2026-05-08T20:36:18.339+07:00  INFO 19644 --- [bidmart-wallet] [    Test worker] k.utils.Log4jControllerRegistration$     : Registered kafka:type=kafka.Log4jController MBean
2026-05-08T20:36:18.444+07:00  INFO 19644 --- [bidmart-wallet] [    Test worker] o.a.zookeeper.server.ZooKeeperServer     : 
2026-05-08T20:36:18.446+07:00  INFO 19644 --- [bidmart-wallet] [    Test worker] o.a.zookeeper.server.ZooKeeperServer     :   ______                  _                                          
2026-05-08T20:36:18.446+07:00  INFO 19644 --- [bidmart-wallet] [    Test worker] o.a.zookeeper.server.ZooKeeperServer     :  |___  /                 | |                                         
2026-05-08T20:36:18.447+07:00  INFO 19644 --- [bidmart-wallet] [    Test worker] o.a.zookeeper.server.ZooKeeperServer     :     / /    ___     ___   | | __   ___    ___   _ __     ___   _ __   
2026-05-08T20:36:18.447+07:00  INFO 19644 --- [bidmart-wallet] [    Test worker] o.a.zookeeper.server.ZooKeeperServer     :    / /    / _ \   / _ \  | |/ /  / _ \  / _ \ | '_ \   / _ \ | '__|
2026-05-08T20:36:18.447+07:00  INFO 19644 --- [bidmart-wallet] [    Test worker] o.a.zookeeper.server.ZooKeeperServer     :   / /__  | (_) | | (_) | |   <  |  __/ |  __/ | |_) | |  __/ | |    
2026-05-08T20:36:18.447+07:00  INFO 19644 --- [bidmart-wallet] [    Test worker] o.a.zookeeper.server.ZooKeeperServer     :  /_____|  \___/   \___/  |_|\_\  \___|  \___| | .__/   \___| |_|
2026-05-08T20:36:18.448+07:00  INFO 19644 --- [bidmart-wallet] [    Test worker] o.a.zookeeper.server.ZooKeeperServer     :                                               | |                     
2026-05-08T20:36:18.448+07:00  INFO 19644 --- [bidmart-wallet] [    Test worker] o.a.zookeeper.server.ZooKeeperServer     :                                               |_|                     
2026-05-08T20:36:18.448+07:00  INFO 19644 --- [bidmart-wallet] [    Test worker] o.a.zookeeper.server.ZooKeeperServer     : 
2026-05-08T20:36:18.467+07:00  INFO 19644 --- [bidmart-wallet] [    Test worker] o.a.zookeeper.server.ZooKeeperServer     : Server environment:zookeeper.version=3.8.4-9316c2a7a97e1666d8f4593f34dd6fc36ecc436c, built on 2024-02-12 22:16 UTC
2026-05-08T20:36:18.469+07:00  INFO 19644 --- [bidmart-wallet] [    Test worker] o.a.zookeeper.server.ZooKeeperServer     : Server environment:host.name=host.docker.internal
2026-05-08T20:36:18.469+07:00  INFO 19644 --- [bidmart-wallet] [    Test worker] o.a.zookeeper.server.ZooKeeperServer     : Server environment:java.version=21.0.6
2026-05-08T20:36:18.469+07:00  INFO 19644 --- [bidmart-wallet] [    Test worker] o.a.zookeeper.server.ZooKeeperServer     : Server environment:java.vendor=Oracle Corporation
2026-05-08T20:36:18.470+07:00  INFO 19644 --- [bidmart-wallet] [    Test worker] o.a.zookeeper.server.ZooKeeperServer     : Server environment:java.home=C:\Program Files\Java\jdk-21
2026-05-08T20:36:18.470+07:00  INFO 19644 --- [bidmart-wallet] [    Test worker] o.a.zookeeper.server.ZooKeeperServer     : Server environment:java.class.path=C:\\Users\\naail\\.gradle\\caches\\9.3.1\\workerMain\\gradle-worker.jar;C:\\Users\\naail\\wallet-service\\build\\classes\\java\\test;C:\\Users\\naail\\wallet-service\\build\\classes\\java\\main;C:\\Users\\naail\\wallet-service\\build\\resources\\main;C:\\Users\\naail\\.gradle\\caches\\modules-2\\files-2.1\\org.springframework.boot\\spring-boot-starter-web\\3.4.2\\cf1c8efe77dccf221acf5f0ce9cc24c718c0ca44\\spring-boot-starter-web-3.4.2.jar;C:\\Users\\naail\\.gradle\\caches\\modules-2\\files-2.1\\org.springframework.boot\\spring-boot-starter-data-jpa\\3.4.2\\b65a304b493807dff48bf114135dc4aa5f267927\\spring-boot-starter-data-jpa-3.4.2.jar;C:\\Users\\naail\\.gradle\\caches\\modules-2\\files-2.1\\org.springframework.boot\\spring-boot-starter-validation\\3.4.2\\3195ea4da38b902a09bf192361800d4e43940465\\spring-boot-starter-validation-3.4.2.jar;C:\\Users\\naail\\.gradle\\caches\\modules-2\\files-2.1\\org.springframework.boot\\spring-boot-starter-security\\3.4.2\\b3102ed745b5e71f61bb5174c6a12275f0154dbb\\spring-boot-starter-security-3.4.2.jar;C:\\Users\\naail\\.gradle\\caches\\modules-2\\files-2.1\\org.springframework.boot\\spring-boot-starter-actuator\\3.4.2\\667a1a4340d65ee7fde16f61ada4b3e35da9f566\\spring-boot-starter-actuator-3.4.2.jar;C:\\Users\\naail\\.gradle\\caches\\modules-2\\files-2.1\\org.springframework.kafka\\spring-kafka\\3.3.2\\2ab3df68531166d0f94bfc68380a9ce9dc4e9ca3\\spring-kafka-3.3.2.jar;C:\\Users\\naail\\.gradle\\caches\\modules-2\\files-2.1\\io.jsonwebtoken\\jjwt-impl\\0.12.6\\ac23673a84b6089e0369fb8ab2c69edd91cd6eb0\\jjwt-impl-0.12.6.jar;C:\\Users\\naail\\.gradle\\caches\\modules-2\\files-2.1\\io.jsonwebtoken\\jjwt-jackson\\0.12.6\\f141e0c1136ba17f2632858238a31ae05642dbf8\\jjwt-jackson-0.12.6.jar;C:\\Users\\naail\\.gradle\\caches\\modules-2\\files-2.1\\io.jsonwebtoken\\jjwt-api\\0.12.6\\478886a888f6add04937baf0361144504a024967\\jjwt-api-0.12.6.jar;C:\\Users\\naail\\.gradle\\caches\\modules-2\\files-2.1\\org.postgresql\\postgresql\\42.7.5\\747897987b86c741fb8b56f6b81929ae1e6e4b46\\postgresql-42.7.5.jar;C:\\Users\\naail\\.gradle\\caches\\modules-2\\files-2.1\\com.h2database\\h2\\2.3.232\\4fcc05d966ccdb2812ae8b9a718f69226c0cf4e2\\h2-2.3.232.jar;C:\\Users\\naail\\.gradle\\caches\\modules-2\\files-2.1\\org.springframework.boot\\spring-boot-starter-test\\3.4.2\\d1372e0b45363ba2019b3f5f70bc52092ca2acf0\\spring-boot-starter-test-3.4.2.jar;C:\\Users\\naail\\.gradle\\caches\\modules-2\\files-2.1\\org.springframework.kafka\\spring-kafka-test\\3.3.2\\b2bab37ac4947e409cb68c894e97b689da2d209f\\spring-kafka-test-3.3.2.jar;C:\\Users\\naail\\.gradle\\caches\\modules-2\\files-2.1\\org.junit.jupiter\\junit-jupiter\\5.11.4\\a699f024a4a4706b36bddbeb42d499aff9e09379\\junit-jupiter-5.11.4.jar;C:\\Users\\naail\\.gradle\\caches\\modules-2\\files-2.1\\org.mockito\\mockito-junit-jupiter\\5.14.2\\3cfc377d4bb9fe729f3dd9098d9a9b27da58324a\\mockito-junit-jupiter-5.14.2.jar;C:\\Users\\naail\\.gradle\\caches\\modules-2\\files-2.1\\org.junit.jupiter\\junit-jupiter-params\\5.11.4\\e4c86fbe2a39c60c6b87260ef7f7e7c1a1906481\\junit-jupiter-params-5.11.4.jar;C:\\Users\\naail\\.gradle\\caches\\modules-2\\files-2.1\\org.junit.jupiter\\junit-jupiter-engine\\5.11.4\\dc10ec209623986a68ea07f67cdc7d2a65a60355\\junit-jupiter-engine-5.11.4.jar;C:\\Users\\naail\\.gradle\\caches\\modules-2\\files-2.1\\org.junit.jupiter\\junit-jupiter-api\\5.11.4\\308315b28e667db4091b2ba1f7aa220d1ddadb97\\junit-jupiter-api-5.11.4.jar;C:\\Users\\naail\\.gradle\\caches\\modules-2\\files-2.1\\org.junit.platform\\junit-platform-engine\\1.11.4\\21f61b123ad6ac8f7e73971bff3a096c8d8e1cd0\\junit-platform-engine-1.11.4.jar;C:\\Users\\naail\\.gradle\\caches\\modules-2\\files-2.1\\org.junit.platform\\junit-platform-commons\\1.11.4\\8898eea3ed0da2641548d602c3e308804f166303\\junit-platform-commons-1.11.4.jar;C:\\Users\\naail\\.gradle\\caches\\modules-2\\files-2.1\\org.junit.platform\\junit-platform-launcher\\1.11.4\\3d83c201899d8c5e74e1a5d628eab900342a0e48\\junit-platform-launcher-1.11.4.jar;C:\\Users\\naail\\.gradle\\caches\\modules-2\\files-2.1\\org.springframework.boot\\spring-boot-starter-json\\3.4.2\\e413d51228ddaf6a9644533987faa0ae6e18fe47\\spring-boot-starter-json-3.4.2.jar;C:\\Users\\naail\\.gradle\\caches\\modules-2\\files-2.1\\org.springframework.boot\\spring-boot-starter-jdbc\\3.4.2\\a3698cab03ba6daaaa38c16df1b36c862e9e3e4b\\spring-boot-starter-jdbc-3.4.2.jar;C:\\Users\\naail\\.gradle\\caches\\modules-2\\files-2.1\\org.springframework.boot\\spring-boot-starter\\3.4.2\\9d914208449fce99a67d3def60957cdcc98b552a\\spring-boot-starter-3.4.2.jar;C:\\Users\\naail\\.gradle\\caches\\modules-2\\files-2.1\\org.springframework.boot\\spring-boot-starter-tomcat\\3.4.2\\aa345bdd83adc80db5bc6ac4a711460396ad17ef\\spring-boot-starter-tomcat-3.4.2.jar;C:\\Users\\naail\\.gradle\\caches\\modules-2\\files-2.1\\org.springframework\\spring-webmvc\\6.2.2\\9b1aeb179ba9667bc78a4a5cec4ec8087db404d7\\spring-webmvc-6.2.2.jar;C:\\Users\\naail\\.gradle\\caches\\modules-2\\files-2.1\\org.springframework.security\\spring-security-web\\6.4.2\\733a3bbbdca56225676fb7f4e3f317c2075fc383\\spring-security-web-6.4.2.jar;C:\\Users\\naail\\.gradle\\caches\\modules-2\\files-2.1\\org.springframework\\spring-web\\6.2.2\\bd2ef98bf98b6ecf8dd29106ae27b7515524c21\\spring-web-6.2.2.jar;C:\\Users\\naail\\.gradle\\caches\\modules-2\\files-2.1\\org.hibernate.orm\\hibernate-core\\6.6.5.Final\\c81deca40ebdb823d9f8a9e5dc5798a6a205626a\\hibernate-core-6.6.5.Final.jar;C:\\Users\\naail\\.gradle\\caches\\modules-2\\files-2.1\\org.springframework.data\\spring-data-jpa\\3.4.2\\4213f2d185b49447057823f5ef9de41e931f4f2e\\spring-data-jpa-3.4.2.jar;C:\\Users\\naail\\.gradle\\caches\\modules-2\\files-2.1\\org.springframework\\spring-aspects\\6.2.2\\e9e0379bc353e43ab1cb326f413bb293d8a52e78\\spring-aspects-6.2.2.jar;C:\\Users\\naail\\.gradle\\caches\\modules-2\\files-2.1\\org.apache.tomcat.embed\\tomcat-embed-el\\10.1.34\\d2b2daca3bc999c62e58ae36b45ba0582530fb25\\tomcat-embed-el-10.1.34.jar;C:\\Users\\naail\\.gradle\\caches\\modules-2\\files-2.1\\org.hibernate.validator\\hibernate-validator\\8.0.2.Final\\220e64815dd87535525331de20570017f899eb13\\hibernate-validator-8.0.2.Final.jar;C:\\Users\\naail\\.gradle\\caches\\modules-2\\files-2.1\\org.springframework.security\\spring-security-config\\6.4.2\\5ed985329eb14b1c61045160c8dcbbcab179ddd3\\spring-security-config-6.4.2.jar;C:\\Users\\naail\\.gradle\\caches\\modules-2\\files-2.1\\org.springframework.boot\\spring-boot-actuator-autoconfigure\\3.4.2\\d265afc28460f46189714e9c18e1cc5f94b953e3\\spring-boot-actuator-autoconfigure-3.4.2.jar;C:\\Users\\naail\\.gradle\\caches\\modules-2\\files-2.1\\org.springframework.boot\\spring-boot-test-autoconfigure\\3.4.2\\157da7295ed44a4c3377f6940c03b030c854f741\\spring-boot-test-autoconfigure-3.4.2.jar;C:\\Users\\naail\\.gradle\\caches\\modules-2\\files-2.1\\org.springframework.boot\\spring-boot-test\\3.4.2\\a13bb23179804f2627eb0f7ca9044359b128099f\\spring-boot-test-3.4.2.jar;C:\\Users\\naail\\.gradle\\caches\\modules-2\\files-2.1\\org.springframework.boot\\spring-boot-autoconfigure\\3.4.2\\c50511dba751ffe7df320d27c6875feb2745654e\\spring-boot-autoconfigure-3.4.2.jar;C:\\Users\\naail\\.gradle\\caches\\modules-2\\files-2.1\\org.springframework.boot\\spring-boot-actuator\\3.4.2\\73caa22d88cf4d604aa24efea01b0c1a79cb073a\\spring-boot-actuator-3.4.2.jar;C:\\Users\\naail\\.gradle\\caches\\modules-2\\files-2.1\\org.springframework.boot\\spring-boot\\3.4.2\\b2514201ba6b838bd638a51619515501c5baefea\\spring-boot-3.4.2.jar;C:\\Users\\naail\\.gradle\\caches\\modules-2\\files-2.1\\org.springframework.security\\spring-security-core\\6.4.2\\51302b2af3f01eb79fdc7164a4cc3a3aa7e3b541\\spring-security-core-6.4.2.jar;C:\\Users\\naail\\.gradle\\caches\\modules-2\\files-2.1\\org.springframework\\spring-context\\6.2.2\\aa01a7faa3694983339ca7e45619860ef34052d6\\spring-context-6.2.2.jar;C:\\Users\\naail\\.gradle\\caches\\modules-2\\files-2.1\\org.springframework\\spring-aop\\6.2.2\\2a1a445d4cd8e5fe2311df04fc25c0bc54bd2ce4\\spring-aop-6.2.2.jar;C:\\Users\\naail\\.gradle\\caches\\modules-2\\files-2.1\\io.micrometer\\micrometer-jakarta9\\1.14.3\\a7611688d9290a647cc7fea5a1219ef4125d1e30\\micrometer-jakarta9-1.14.3.jar;C:\\Users\\naail\\.gradle\\caches\\modules-2\\files-2.1\\io.micrometer\\micrometer-core\\1.14.3\\8962714eb3a6bf97711765fbefe7f6ac28cae96f\\micrometer-core-1.14.3.jar;C:\\Users\\naail\\.gradle\\caches\\modules-2\\files-2.1\\io.micrometer\\micrometer-observation\\1.14.3\\cd66186a1fe8465dc732d9514bade1104044b56d\\micrometer-observation-1.14.3.jar;C:\\Users\\naail\\.gradle\\caches\\modules-2\\files-2.1\\org.springframework\\spring-messaging\\6.2.2\\3b26ce466821f6f080bc643c7e4dae8a30af85c9\\spring-messaging-6.2.2.jar;C:\\Users\\naail\\.gradle\\caches\\modules-2\\files-2.1\\org.springframework\\spring-orm\\6.2.2\\98d0c8e2f8f65b776b24ffa979e9802a0c7085d7\\spring-orm-6.2.2.jar;C:\\Users\\naail\\.gradle\\caches\\modules-2\\files-2.1\\org.springframework\\spring-jdbc\\6.2.2\\840572e748c1dfe7122e19a10888918e5ecfb631\\spring-jdbc-6.2.2.jar;C:\\Users\\naail\\.gradle\\caches\\modules-2\\files-2.1\\org.springframework\\spring-tx\\6.2.2\\91a2e378d0e457b9c500f2b30aaf8a7a422ba522\\spring-tx-6.2.2.jar;C:\\Users\\naail\\.gradle\\caches\\modules-2\\files-2.1\\org.springframework.retry\\spring-retry\\2.0.11\\bd4fae67445baf330b69b6b786748a308ab31f6\\spring-retry-2.0.11.jar;C:\\Users\\naail\\.gradle\\caches\\modules-2\\files-2.1\\org.apache.kafka\\kafka_2.13\\3.8.1\\832245e638abf7ec3996b76a42944960abe39e23\\kafka_2.13-3.8.1.jar;C:\\Users\\naail\\.gradle\\caches\\modules-2\\files-2.1\\org.apache.kafka\\kafka_2.13\\3.8.1\\6278b0f00854c36ed12c8a016152332bc9d1a609\\kafka_2.13-3.8.1-test.jar;C:\\Users\\naail\\.gradle\\caches\\modules-2\\files-2.1\\org.apache.kafka\\kafka-server\\3.8.1\\9b339e97deeecaf1e7897b4c731d77392b4745de\\kafka-server-3.8.1.jar;C:\\Users\\naail\\.gradle\\caches\\modules-2\\files-2.1\\org.apache.kafka\\kafka-group-coordinator\\3.8.1\\d372d5bfee64939af353d4246cab795884cb477c\\kafka-group-coordinator-3.8.1.jar;C:\\Users\\naail\\.gradle\\caches\\modules-2\\files-2.1\\org.apache.kafka\\kafka-metadata\\3.8.1\\3d6662afa30ed98985422d35485962819253040b\\kafka-metadata-3.8.1.jar;C:\\Users\\naail\\.gradle\\caches\\modules-2\\files-2.1\\org.apache.kafka\\kafka-raft\\3.8.1\\8f44b9f0da4fa1670d8506d33c06ba7662b37045\\kafka-raft-3.8.1.jar;C:\\Users\\naail\\.gradle\\caches\\modules-2\\files-2.1\\org.apache.kafka\\kafka-storage\\3.8.1\\daf35a6f6a1b8da8d2baa754856b12d5ebec7be3\\kafka-storage-3.8.1.jar;C:\\Users\\naail\\.gradle\\caches\\modules-2\\files-2.1\\org.apache.kafka\\kafka-storage-api\\3.8.1\\a522b224b598f30b9637ad2eb3a5db64c14db4a4\\kafka-storage-api-3.8.1.jar;C:\\Users\\naail\\.gradle\\caches\\modules-2\\files-2.1\\org.apache.kafka\\kafka-server-common\\3.8.1\\483d5f635aa0a751946a6bd80b0b3acbdc6b7169\\kafka-server-common-3.8.1.jar;C:\\Users\\naail\\.gradle\\caches\\modules-2\\files-2.1\\org.apache.kafka\\kafka-server-common\\3.8.1\\4ad5b80346a131afa11708238441f16026f0ec5c\\kafka-server-common-3.8.1-test.jar;C:\\Users\\naail\\.gradle\\caches\\modules-2\\files-2.1\\org.apache.kafka\\kafka-streams-test-utils\\3.8.1\\edc3d933c78754476fc5564f4fc2cb3da060a25a\\kafka-streams-test-utils-3.8.1.jar;C:\\Users\\naail\\.gradle\\caches\\modules-2\\files-2.1\\org.apache.kafka\\kafka-streams\\3.8.1\\9e054a4e7b88bc80f069e22045826013b7b697ec\\kafka-streams-3.8.1.jar;C:\\Users\\naail\\.gradle\\caches\\modules-2\\files-2.1\\org.apache.kafka\\kafka-group-coordinator-api\\3.8.1\\9f99f11956404ae64a2b210adaf6d1f3850ab26f\\kafka-group-coordinator-api-3.8.1.jar;C:\\Users\\naail\\.gradle\\caches\\modules-2\\files-2.1\\org.apache.kafka\\kafka-tools-api\\3.8.1\\43f69819f286340b5738e562122256b1b2470e99\\kafka-tools-api-3.8.1.jar;C:\\Users\\naail\\.gradle\\caches\\modules-2\\files-2.1\\org.apache.kafka\\kafka-clients\\3.8.1\\fd79e3aa252c6d818334e9c0bac8166b426e498c\\kafka-clients-3.8.1.jar;C:\\Users\\naail\\.gradle\\caches\\modules-2\\files-2.1\\org.apache.kafka\\kafka-clients\\3.8.1\\11d3ffefbc452fc4c5d45f4f6ec368bcab290a95\\kafka-clients-3.8.1-test.jar;C:\\Users\\naail\\.gradle\\caches\\modules-2\\files-2.1\\com.fasterxml.jackson.datatype\\jackson-datatype-jsr310\\2.18.2\\7b6ff96adf421f4c6edbd694e797dd8fe434510a\\jackson-datatype-jsr310-2.18.2.jar;C:\\Users\\naail\\.gradle\\caches\\modules-2\\files-2.1\\com.fasterxml.jackson.module\\jackson-module-parameter-names\\2.18.2\\72960cb3277347a748911d100c3302d60e8a616a\\jackson-module-parameter-names-2.18.2.jar;C:\\Users\\naail\\.gradle\\caches\\modules-2\\files-2.1\\com.fasterxml.jackson.module\\jackson-module-scala_2.13\\2.18.2\\84bb533a599a4eaf901aecce5e75d49490a88774\\jackson-module-scala_2.13-2.18.2.jar;C:\\Users\\naail\\.gradle\\caches\\modules-2\\files-2.1\\com.fasterxml.jackson.dataformat\\jackson-dataformat-csv\\2.18.2\\3e1f715d7cbcc5b79b104115bf8d2a7b0a9b4b22\\jackson-dataformat-csv-2.18.2.jar;C:\\Users\\naail\\.gradle\\caches\\modules-2\\files-2.1\\com.fasterxml.jackson.core\\jackson-annotations\\2.18.2\\985d77751ebc7fce5db115a986bc9aa82f973f4a\\jackson-annotations-2.18.2.jar;C:\\Users\\naail\\.gradle\\caches\\modules-2\\files-2.1\\com.fasterxml.jackson.core\\jackson-core\\2.18.2\\fb64ccac5c27dca8819418eb4e443a9f496d9ee7\\jackson-core-2.18.2.jar;C:\\Users\\naail\\.gradle\\caches\\modules-2\\files-2.1\\com.fasterxml.jackson.datatype\\jackson-datatype-jdk8\\2.18.2\\9ed6d538ebcc66864e114a7040953dce6ab6ea53\\jackson-datatype-jdk8-2.18.2.jar;C:\\Users\\naail\\.gradle\\caches\\modules-2\\files-2.1\\com.fasterxml.jackson.core\\jackson-databind\\2.18.2\\deef8697b92141fb6caf7aa86966cff4eec9b04f\\jackson-databind-2.18.2.jar;C:\\Users\\naail\\.gradle\\caches\\modules-2\\files-2.1\\com.github.ben-manes.caffeine\\caffeine\\3.1.8\\24795585df8afaf70a2cd534786904ea5889c047\\caffeine-3.1.8.jar;C:\\Users\\naail\\.gradle\\caches\\modules-2\\files-2.1\\org.checkerframework\\checker-qual\\3.48.3\\c48effe7d78de3cf5e8a98c614281ec6a2466a77\\checker-qual-3.48.3.jar;C:\\Users\\naail\\.gradle\\caches\\modules-2\\files-2.1\\com.jayway.jsonpath\\json-path\\2.9.0\\37fe2217f577b0b68b18e62c4d17a8858ecf9b69\\json-path-2.9.0.jar;C:\\Users\\naail\\.gradle\\caches\\modules-2\\files-2.1\\org.glassfish.jaxb\\jaxb-runtime\\4.0.5\\ca84c2a7169b5293e232b9d00d1e4e36d4c3914a\\jaxb-runtime-4.0.5.jar;C:\\Users\\naail\\.gradle\\caches\\modules-2\\files-2.1\\org.glassfish.jaxb\\jaxb-core\\4.0.5\\7b4b11ea5542eea4ad55e1080b23be436795b3\\jaxb-core-4.0.5.jar;C:\\Users\\naail\\.gradle\\caches\\modules-2\\files-2.1\\jakarta.xml.bind\\jakarta.xml.bind-api\\4.0.2\\6cd5a999b834b63238005b7144136379dc36cad2\\jakarta.xml.bind-api-4.0.2.jar;C:\\Users\\naail\\.gradle\\caches\\modules-2\\files-2.1\\net.minidev\\json-smart\\2.5.1\\4c11d2808d009132dfbbf947ebf37de6bf266c8e\\json-smart-2.5.1.jar;C:\\Users\\naail\\.gradle\\caches\\modules-2\\files-2.1\\org.assertj\\assertj-core\\3.26.3\\d26263eb7524252d98e602fc6942996a3195e29\\assertj-core-3.26.3.jar;C:\\Users\\naail\\.gradle\\caches\\modules-2\\files-2.1\\org.awaitility\\awaitility\\4.2.2\\7336242073ebf83fe034e42b46a403c5501b63c9\\awaitility-4.2.2.jar;C:\\Users\\naail\\.gradle\\caches\\modules-2\\files-2.1\\org.hamcrest\\hamcrest\\2.2\\1820c0968dba3a11a1b30669bb1f01978a91dedc\\hamcrest-2.2.jar;C:\\Users\\naail\\.gradle\\caches\\modules-2\\files-2.1\\org.mockito\\mockito-core\\5.14.2\\f7bf936008d7664e2002c3faf0c02071c8d10e7c\\mockito-core-5.14.2.jar;C:\\Users\\naail\\.gradle\\caches\\modules-2\\files-2.1\\org.skyscreamer\\jsonassert\\1.5.3\\aaa43e0823d2a0e106e8754d6a9c4ab24e05e9bc\\jsonassert-1.5.3.jar;C:\\Users\\naail\\.gradle\\caches\\modules-2\\files-2.1\\org.springframework\\spring-test\\6.2.2\\a9cacd039aa3da76c6b8d0ca3b7c41f6424bf6fb\\spring-test-6.2.2.jar;C:\\Users\\naail\\.gradle\\caches\\modules-2\\files-2.1\\org.springframework.data\\spring-data-commons\\3.4.2\\387ff91a749cce404f7a6e4a15a3b75ff497bdbc\\spring-data-commons-3.4.2.jar;C:\\Users\\naail\\.gradle\\caches\\modules-2\\files-2.1\\org.springframework\\spring-beans\\6.2.2\\ec8ee520ff7b147de8ac04d330848d468253f84d\\spring-beans-6.2.2.jar;C:\\Users\\naail\\.gradle\\caches\\modules-2\\files-2.1\\org.springframework\\spring-expression\\6.2.2\\20164dd3a70d0048185cf02bb1b097b22e73d820\\spring-expression-6.2.2.jar;C:\\Users\\naail\\.gradle\\caches\\modules-2\\files-2.1\\org.springframework\\spring-core\\6.2.2\\94269e888dc979e75a1a1b9600d7153d72e6a7f1\\spring-core-6.2.2.jar;C:\\Users\\naail\\.gradle\\caches\\modules-2\\files-2.1\\org.xmlunit\\xmlunit-core\\2.10.0\\1355088731b4ec2107ff7f319f0d7445d916bab\\xmlunit-core-2.10.0.jar;C:\\Users\\naail\\.gradle\\caches\\modules-2\\files-2.1\\org.apache.zookeeper\\zookeeper\\3.8.4\\6638e37b887b5a279044afbdc9928e19f678eb2e\\zookeeper-3.8.4.jar;C:\\Users\\naail\\.gradle\\caches\\modules-2\\files-2.1\\org.springframework.boot\\spring-boot-starter-logging\\3.4.2\\be7631ab8d3cb2a6a3c9981dcaa6d0867c964772\\spring-boot-starter-logging-3.4.2.jar;C:\\Users\\naail\\.gradle\\caches\\modules-2\\files-2.1\\jakarta.annotation\\jakarta.annotation-api\\2.1.1\\48b9bda22b091b1f48b13af03fe36db3be6e1ae3\\jakarta.annotation-api-2.1.1.jar;C:\\Users\\naail\\.gradle\\caches\\modules-2\\files-2.1\\org.yaml\\snakeyaml\\2.3\\936b36210e27320f920536f695cf1af210c44586\\snakeyaml-2.3.jar;C:\\Users\\naail\\.gradle\\caches\\modules-2\\files-2.1\\org.apache.tomcat.embed\\tomcat-embed-websocket\\10.1.34\\eef6d430f34b6e393b8d9e40f10db9043732b4e5\\tomcat-embed-websocket-10.1.34.jar;C:\\Users\\naail\\.gradle\\caches\\modules-2\\files-2.1\\org.apache.tomcat.embed\\tomcat-embed-core\\10.1.34\\f610f84be607fbc82e393cc220f0ad45f92afc91\\tomcat-embed-core-10.1.34.jar;C:\\Users\\naail\\.gradle\\caches\\modules-2\\files-2.1\\com.zaxxer\\HikariCP\\5.1.0\\8c96e36c14461fc436bb02b264b96ef3ca5dca8c\\HikariCP-5.1.0.jar;C:\\Users\\naail\\.gradle\\caches\\modules-2\\files-2.1\\jakarta.persistence\\jakarta.persistence-api\\3.1.0\\66901fa1c373c6aff65c13791cc11da72060a8d6\\jakarta.persistence-api-3.1.0.jar;C:\\Users\\naail\\.gradle\\caches\\modules-2\\files-2.1\\jakarta.transaction\\jakarta.transaction-api\\2.0.1\\51a520e3fae406abb84e2e1148e6746ce3f80a1a\\jakarta.transaction-api-2.0.1.jar;C:\\Users\\naail\\.gradle\\caches\\modules-2\\files-2.1\\org.jboss.logging\\jboss-logging\\3.6.1.Final\\886afbb445b4016a37c8960a7aef6ebd769ce7e5\\jboss-logging-3.6.1.Final.jar;C:\\Users\\naail\\.gradle\\caches\\modules-2\\files-2.1\\org.hibernate.common\\hibernate-commons-annotations\\7.0.3.Final\\e183c4be8bb41d12e9f19b374e00c34a0a85f439\\hibernate-commons-annotations-7.0.3.Final.jar;C:\\Users\\naail\\.gradle\\caches\\modules-2\\files-2.1\\io.smallrye\\jandex\\3.2.0\\f17ad860f62a08487b9edabde608f8ac55c62fa7\\jandex-3.2.0.jar;C:\\Users\\naail\\.gradle\\caches\\modules-2\\files-2.1\\com.fasterxml\\classmate\\1.7.0\\e98374da1f2143ac8e6e0a95036994bb19137a3\\classmate-1.7.0.jar;C:\\Users\\naail\\.gradle\\caches\\modules-2\\files-2.1\\net.bytebuddy\\byte-buddy\\1.15.11\\f61886478e0f9ee4c21d09574736f0ff45e0a46c\\byte-buddy-1.15.11.jar;C:\\Users\\naail\\.gradle\\caches\\modules-2\\files-2.1\\jakarta.inject\\jakarta.inject-api\\2.0.1\\4c28afe1991a941d7702fe1362c365f0a8641d1e\\jakarta.inject-api-2.0.1.jar;C:\\Users\\naail\\.gradle\\caches\\modules-2\\files-2.1\\org.antlr\\antlr4-runtime\\4.13.0\\5a02e48521624faaf5ff4d99afc88b01686af655\\antlr4-runtime-4.13.0.jar;C:\\Users\\naail\\.gradle\\caches\\modules-2\\files-2.1\\ch.qos.logback\\logback-classic\\1.5.16\\113979db51dfad6dc895b34460d7b7ff64ffe7d2\\logback-classic-1.5.16.jar;C:\\Users\\naail\\.gradle\\caches\\modules-2\\files-2.1\\com.yammer.metrics\\metrics-core\\2.2.0\\f82c035cfa786d3cbec362c38c22a5f5b1bc8724\\metrics-core-2.2.0.jar;C:\\Users\\naail\\.gradle\\caches\\modules-2\\files-2.1\\org.bitbucket.b_c\\jose4j\\0.9.4\\7efe6ccf593e52a2b77f98de52238f15b4a67188\\jose4j-0.9.4.jar;C:\\Users\\naail\\.gradle\\caches\\modules-2\\files-2.1\\com.typesafe.scala-logging\\scala-logging_2.13\\3.9.4\\e5838ddcf8c1c2b612a7956b9f80423a508675db\\scala-logging_2.13-3.9.4.jar;C:\\Users\\naail\\.gradle\\caches\\modules-2\\files-2.1\\io.dropwizard.metrics\\metrics-core\\4.1.12.1\\cb2f351bf4463751201f43bb99865235d5ba07ca\\metrics-core-4.1.12.1.jar;C:\\Users\\naail\\.gradle\\caches\\modules-2\\files-2.1\\org.apache.logging.log4j\\log4j-to-slf4j\\2.24.3\\da1143e2a2531ee1c2d90baa98eb50a28a39d5a7\\log4j-to-slf4j-2.24.3.jar;C:\\Users\\naail\\.gradle\\caches\\modules-2\\files-2.1\\org.slf4j\\jul-to-slf4j\\2.0.16\\6d57da3e961daac65bcca0dd3def6cd11e48a24a\\jul-to-slf4j-2.0.16.jar;C:\\Users\\naail\\.gradle\\caches\\modules-2\\files-2.1\\org.slf4j\\slf4j-api\\2.0.16\\172931663a09a1fa515567af5fbef00897d3c04\\slf4j-api-2.0.16.jar;C:\\Users\\naail\\.gradle\\caches\\modules-2\\files-2.1\\org.aspectj\\aspectjweaver\\1.9.22.1\\bca243d0af0db4758fbae45c5f4995cb5dabb612\\aspectjweaver-1.9.22.1.jar;C:\\Users\\naail\\.gradle\\caches\\modules-2\\files-2.1\\jakarta.validation\\jakarta.validation-api\\3.0.2\\92b6631659ba35ca09e44874d3eb936edfeee532\\jakarta.validation-api-3.0.2.jar;C:\\Users\\naail\\.gradle\\caches\\modules-2\\files-2.1\\io.micrometer\\micrometer-commons\\1.14.3\\bf17f05dd6343d36ecc31076197a962cfdf46131\\micrometer-commons-1.14.3.jar;C:\\Users\\naail\\.gradle\\caches\\modules-2\\files-2.1\\com.github.luben\\zstd-jni\\1.5.6-4\\ba9e303e0b5e94cdd0017390d7d8c06f47fd61f7\\zstd-jni-1.5.6-4.jar;C:\\Users\\naail\\.gradle\\caches\\modules-2\\files-2.1\\org.lz4\\lz4-java\\1.8.0\\4b986a99445e49ea5fbf5d149c4b63f6ed6c6780\\lz4-java-1.8.0.jar;C:\\Users\\naail\\.gradle\\caches\\modules-2\\files-2.1\\org.xerial.snappy\\snappy-java\\1.1.10.5\\ac605269f3598506196e469f1fb0d7ed5c55059e\\snappy-java-1.1.10.5.jar;C:\\Users\\naail\\.gradle\\caches\\modules-2\\files-2.1\\org.eclipse.angus\\angus-activation\\2.0.2\\41f1e0ddd157c856926ed149ab837d110955a9fc\\angus-activation-2.0.2.jar;C:\\Users\\naail\\.gradle\\caches\\modules-2\\files-2.1\\jakarta.activation\\jakarta.activation-api\\2.1.3\\fa165bd70cda600368eee31555222776a46b881f\\jakarta.activation-api-2.1.3.jar;C:\\Users\\naail\\.gradle\\caches\\modules-2\\files-2.1\\net.minidev\\accessors-smart\\2.5.1\\19b820261eb2e7de7d5bde11d1c06e4501dd7e5f\\accessors-smart-2.5.1.jar;C:\\Users\\naail\\.gradle\\caches\\modules-2\\files-2.1\\net.bytebuddy\\byte-buddy-agent\\1.15.11\\a38b16385e867f59a641330f0362ebe742788ed8\\byte-buddy-agent-1.15.11.jar;C:\\Users\\naail\\.gradle\\caches\\modules-2\\files-2.1\\org.objenesis\\objenesis\\3.3\\1049c09f1de4331e8193e579448d0916d75b7631\\objenesis-3.3.jar;C:\\Users\\naail\\.gradle\\caches\\modules-2\\files-2.1\\com.vaadin.external.google\\android-json\\0.0.20131108.vaadin1\\fa26d351fe62a6a17f5cda1287c1c6110dec413f\\android-json-0.0.20131108.vaadin1.jar;C:\\Users\\naail\\.gradle\\caches\\modules-2\\files-2.1\\org.springframework\\spring-jcl\\6.2.2\\1fbbb0b2e85c6eac7c366c5eed5b124785f05ac8\\spring-jcl-6.2.2.jar;C:\\Users\\naail\\.gradle\\caches\\modules-2\\files-2.1\\org.apache.zookeeper\\zookeeper-jute\\3.8.4\\de7b8a41bbe1ccdfc009de51fa6d160db3ca8025\\zookeeper-jute-3.8.4.jar;C:\\Users\\naail\\.gradle\\caches\\modules-2\\files-2.1\\org.apache.yetus\\audience-annotations\\0.12.0\\e0efa60318229590103e31c69ebdaae56d903644\\audience-annotations-0.12.0.jar;C:\\Users\\naail\\.gradle\\caches\\modules-2\\files-2.1\\io.netty\\netty-handler\\4.1.117.Final\\db14cd99515f8c98a3f2a347718e59f14d85c503\\netty-handler-4.1.117.Final.jar;C:\\Users\\naail\\.gradle\\caches\\modules-2\\files-2.1\\io.netty\\netty-transport-native-epoll\\4.1.117.Final\\b6e33eece4b05548443d8eb95ae39fb5ad1f3f42\\netty-transport-native-epoll-4.1.117.Final.jar;C:\\Users\\naail\\.gradle\\caches\\modules-2\\files-2.1\\ch.qos.logback\\logback-core\\1.5.16\\4f17700f046900aea2fadf115e2d67fec921f7fd\\logback-core-1.5.16.jar;C:\\Users\\naail\\.gradle\\caches\\modules-2\\files-2.1\\commons-io\\commons-io\\2.14.0\\a4c6e1f6c196339473cd2e1b037f0eb97c62755b\\commons-io-2.14.0.jar;C:\\Users\\naail\\.gradle\\caches\\modules-2\\files-2.1\\org.apache.kafka\\kafka-transaction-coordinator\\3.8.1\\3c2676a95a416f3d5a59a498c4553914be1d332d\\kafka-transaction-coordinator-3.8.1.jar;C:\\Users\\naail\\.gradle\\caches\\modules-2\\files-2.1\\net.sf.jopt-simple\\jopt-simple\\5.0.4\\4fdac2fbe92dfad86aa6e9301736f6b4342a3f5c\\jopt-simple-5.0.4.jar;C:\\Users\\naail\\.gradle\\caches\\modules-2\\files-2.1\\org.pcollections\\pcollections\\4.0.1\\59f3bf5fb28c5f5386804dcf129267416b75d7c\\pcollections-4.0.1.jar;C:\\Users\\naail\\.gradle\\caches\\modules-2\\files-2.1\\net.sourceforge.argparse4j\\argparse4j\\0.7.0\\6f0621d0c3888de39e0f06d01f37ba53a798e657\\argparse4j-0.7.0.jar;C:\\Users\\naail\\.gradle\\caches\\modules-2\\files-2.1\\commons-validator\\commons-validator\\1.7\\76069c915de3787f3ddd8726a56f47a95bfcbb0e\\commons-validator-1.7.jar;C:\\Users\\naail\\.gradle\\caches\\modules-2\\files-2.1\\org.scala-lang.modules\\scala-collection-compat_2.13\\2.10.0\\2464528d14329ff2b44bceff918d6c00300adcf4\\scala-collection-compat_2.13-2.10.0.jar;C:\\Users\\naail\\.gradle\\caches\\modules-2\\files-2.1\\org.scala-lang.modules\\scala-java8-compat_2.13\\1.0.2\\5b54f60ccf03e41e24c466462a72475ee918c304\\scala-java8-compat_2.13-1.0.2.jar;C:\\Users\\naail\\.gradle\\caches\\modules-2\\files-2.1\\org.scala-lang\\scala-reflect\\2.13.14\\8e275fefb2a01e178db2cdfebb2181062a790b82\\scala-reflect-2.13.14.jar;C:\\Users\\naail\\.gradle\\caches\\modules-2\\files-2.1\\commons-cli\\commons-cli\\1.4\\c51c00206bb913cd8612b24abd9fa98ae89719b1\\commons-cli-1.4.jar;C:\\Users\\naail\\.gradle\\caches\\modules-2\\files-2.1\\org.scala-lang\\scala-library\\2.13.15\\ed6f1d58968b16c5f9067d5cac032d952552de58\\scala-library-2.13.15.jar;C:\\Users\\naail\\.gradle\\caches\\modules-2\\files-2.1\\org.opentest4j\\opentest4j\\1.3.0\\152ea56b3a72f655d4fd677fc0ef2596c3dd5e6e\\opentest4j-1.3.0.jar;C:\\Users\\naail\\.gradle\\caches\\modules-2\\files-2.1\\org.springframework.security\\spring-security-crypto\\6.4.2\\a4d5bf27ca449200fc39e07de6ae016eb1ad21da\\spring-security-crypto-6.4.2.jar;C:\\Users\\naail\\.gradle\\caches\\modules-2\\files-2.1\\org.hdrhistogram\\HdrHistogram\\2.2.2\\7959933ebcc0f05b2eaa5af0a0c8689fa257b15c\\HdrHistogram-2.2.2.jar;C:\\Users\\naail\\.gradle\\caches\\modules-2\\files-2.1\\org.latencyutils\\LatencyUtils\\2.0.3\\769c0b82cb2421c8256300e907298a9410a2a3d3\\LatencyUtils-2.0.3.jar;C:\\Users\\naail\\.gradle\\caches\\modules-2\\files-2.1\\org.ow2.asm\\asm\\9.6\\aa205cf0a06dbd8e04ece91c0b37c3f5d567546a\\asm-9.6.jar;C:\\Users\\naail\\.gradle\\caches\\modules-2\\files-2.1\\io.netty\\netty-transport-classes-epoll\\4.1.117.Final\\ebca585acd227b8682ed5b2aafbb86d07f77848\\netty-transport-classes-epoll-4.1.117.Final.jar;C:\\Users\\naail\\.gradle\\caches\\modules-2\\files-2.1\\io.netty\\netty-transport-native-unix-common\\4.1.117.Final\\684f2316ff2b2171babbc17c95ac3bd97f5f091e\\netty-transport-native-unix-common-4.1.117.Final.jar;C:\\Users\\naail\\.gradle\\caches\\modules-2\\files-2.1\\io.netty\\netty-codec\\4.1.117.Final\\2831d3431ed93d9c0b64b1c0cce2ced4737539aa\\netty-codec-4.1.117.Final.jar;C:\\Users\\naail\\.gradle\\caches\\modules-2\\files-2.1\\io.netty\\netty-transport\\4.1.117.Final\\f81d72962bd134d8d8e11b514321134fa5fd0ce6\\netty-transport-4.1.117.Final.jar;C:\\Users\\naail\\.gradle\\caches\\modules-2\\files-2.1\\io.netty\\netty-resolver\\4.1.117.Final\\581b37489a03162f473264b65f53d504269a74b0\\netty-resolver-4.1.117.Final.jar;C:\\Users\\naail\\.gradle\\caches\\modules-2\\files-2.1\\io.netty\\netty-buffer\\4.1.117.Final\\22b4cc28194cb23671274499229e0ef35028fbd\\netty-buffer-4.1.117.Final.jar;C:\\Users\\naail\\.gradle\\caches\\modules-2\\files-2.1\\io.netty\\netty-common\\4.1.117.Final\\9e074a4382f56b37f3b9ee1fc21d53e7af58ec9d\\netty-common-4.1.117.Final.jar;C:\\Users\\naail\\.gradle\\caches\\modules-2\\files-2.1\\org.rocksdb\\rocksdbjni\\7.9.2\\6409b667493149191b09fe1fce94bada6096a3e9\\rocksdbjni-7.9.2.jar;C:\\Users\\naail\\.gradle\\caches\\modules-2\\files-2.1\\commons-beanutils\\commons-beanutils\\1.9.4\\d52b9abcd97f38c81342bb7e7ae1eee9b73cba51\\commons-beanutils-1.9.4.jar;C:\\Users\\naail\\.gradle\\caches\\modules-2\\files-2.1\\commons-digester\\commons-digester\\2.1\\73a8001e7a54a255eef0f03521ec1805dc738ca0\\commons-digester-2.1.jar;C:\\Users\\naail\\.gradle\\caches\\modules-2\\files-2.1\\commons-collections\\commons-collections\\3.2.2\\8ad72fe39fa8c91eaaf12aadb21e0c3661fe26d5\\commons-collections-3.2.2.jar;C:\\Users\\naail\\.gradle\\caches\\modules-2\\files-2.1\\com.thoughtworks.paranamer\\paranamer\\2.8\\619eba74c19ccf1da8ebec97a2d7f8ba05773dd6\\paranamer-2.8.jar;C:\\Users\\naail\\.gradle\\caches\\modules-2\\files-2.1\\org.apache.logging.log4j\\log4j-api\\2.24.3\\b02c125db8b6d295adf72ae6e71af5d83bce2370\\log4j-api-2.24.3.jar;C:\\Users\\naail\\.gradle\\caches\\modules-2\\files-2.1\\org.glassfish.jaxb\\txw2\\4.0.5\\f36a4ef12120a9bb06d766d6a0e54b144fd7ed98\\txw2-4.0.5.jar;C:\\Users\\naail\\.gradle\\caches\\modules-2\\files-2.1\\com.sun.istack\\istack-commons-runtime\\4.1.2\\18ec117c85f3ba0ac65409136afa8e42bc74e739\\istack-commons-runtime-4.1.2.jar;C:\\Users\\naail\\.gradle\\caches\\modules-2\\files-2.1\\com.google.errorprone\\error_prone_annotations\\2.21.1\\6d9b10773b5237df178a7b3c1b4208df7d0e7f94\\error_prone_annotations-2.21.1.jar
2026-05-08T20:36:18.476+07:00  INFO 19644 --- [bidmart-wallet] [    Test worker] o.a.zookeeper.server.ZooKeeperServer     : Server environment:java.library.path=C:\Program Files\Java\jdk-21\bin;C:\WINDOWS\Sun\Java\bin;C:\WINDOWS\system32;C:\WINDOWS;c:\Users\naail\AppData\Roaming\Code\User\globalStorage\github.copilot-chat\debugCommand;c:\Users\naail\AppData\Roaming\Code\User\globalStorage\github.copilot-chat\copilotCli;C:\Users\naail\AppData\Local\Programs\Microsoft VS Code;C:\Program Files\Common Files\Oracle\Java\javapath;C:\Windows\system32;C:\Windows;C:\Windows\System32\Wbem;C:\Windows\System32\WindowsPowerShell\v1.0\;C:\Windows\System32\OpenSSH\;C:\Program Files\dotnet\;C:\Users\naail\AppData\Local\Programs\Python\Launcher\;C:\Users\naail\AppData\Local\Microsoft\WindowsApps;C:\Users\naail\AppData\Local\Programs\Microsoft VS Code\bin;C:\Users\naail\AppData\Local\Microsoft\WinGet\Packages\Schniz.fnm_Microsoft.Winget.Source_8wekyb3d8bbwe;C:\Users\naail\AppData\Roaming\npm;C:\Users\naail\AppData\Local\Programs\Python\Python312;C:\Users\naail\AppData\Roaming\Microsoft\Windows\Start Menu\Programs\Python 3.13\\Scripts;C:\Program Files\Git\cmd;C:\Program Files\Docker\Docker\resources\bin;C:\Program Files (x86)\ZeroTier\One\;C:\WINDOWS\system32;C:\WINDOWS;C:\WINDOWS\System32\Wbem;C:\WINDOWS\System32\WindowsPowerShell\v1.0\;C:\WINDOWS\System32\OpenSSH\;C:\Program Files\Tailscale\;C:\Program Files\nodejs\;C:\Program Files\PostgreSQL\18\bin;\\?\C:\Users\naail\AppData\Local\Programs\Jan\resources\bin;C:\Users\naail\.cargo\bin;C:\Users\naail\miniconda3;C:\Users\naail\miniconda3\Library\mingw-w64\bin;C:\Users\naail\miniconda3\Library\usr\bin;C:\Users\naail\miniconda3\Library\bin;C:\Users\naail\miniconda3\Scripts;C:\Users\naail\AppData\Local\Programs\Python\Python311\Scripts\;C:\Users\naail\AppData\Local\Programs\Python\Python311\;C:\Users\naail\AppData\Local\Programs\Python\Launcher\;C:\Users\naail\AppData\Local\Microsoft\WindowsApps;C:\Users\naail\AppData\Local\Programs\Microsoft VS Code\bin;C:\Users\naail\AppData\Local\Microsoft\WinGet\Packages\Schniz.fnm_Microsoft.Winget.Source_8wekyb3d8bbwe;C:\Users\naail\AppData\Local\Programs\Python\Python312;C:\Users\naail\AppData\Local\Programs\Ollama;C:\Program Files\JetBrains\IntelliJ IDEA 2024.3.4.1\bin;C:\Program Files (x86)\Nmap;C:\Users\naail\AppData\Local\flutter\bin;C:\Users\naail\AppData\Roaming\npm;C:\Users\naail\AppData\Local\Programs\Antigravity\bin;c:\Users\naail\.vscode\extensions\vscjava.vscode-java-debug-0.59.0\bundled\scripts\noConfigScripts;.
2026-05-08T20:36:18.476+07:00  INFO 19644 --- [bidmart-wallet] [    Test worker] o.a.zookeeper.server.ZooKeeperServer     : Server environment:java.io.tmpdir=C:\Users\naail\AppData\Local\Temp\
2026-05-08T20:36:18.476+07:00  INFO 19644 --- [bidmart-wallet] [    Test worker] o.a.zookeeper.server.ZooKeeperServer     : Server environment:java.compiler=<NA>
2026-05-08T20:36:18.477+07:00  INFO 19644 --- [bidmart-wallet] [    Test worker] o.a.zookeeper.server.ZooKeeperServer     : Server environment:os.name=Windows 11
2026-05-08T20:36:18.477+07:00  INFO 19644 --- [bidmart-wallet] [    Test worker] o.a.zookeeper.server.ZooKeeperServer     : Server environment:os.arch=amd64
2026-05-08T20:36:18.477+07:00  INFO 19644 --- [bidmart-wallet] [    Test worker] o.a.zookeeper.server.ZooKeeperServer     : Server environment:os.version=10.0
2026-05-08T20:36:18.478+07:00  INFO 19644 --- [bidmart-wallet] [    Test worker] o.a.zookeeper.server.ZooKeeperServer     : Server environment:user.name=naail
2026-05-08T20:36:18.478+07:00  INFO 19644 --- [bidmart-wallet] [    Test worker] o.a.zookeeper.server.ZooKeeperServer     : Server environment:user.home=C:\Users\naail
2026-05-08T20:36:18.478+07:00  INFO 19644 --- [bidmart-wallet] [    Test worker] o.a.zookeeper.server.ZooKeeperServer     : Server environment:user.dir=C:\Users\naail\wallet-service
2026-05-08T20:36:18.478+07:00  INFO 19644 --- [bidmart-wallet] [    Test worker] o.a.zookeeper.server.ZooKeeperServer     : Server environment:os.memory.free=31MB
2026-05-08T20:36:18.478+07:00  INFO 19644 --- [bidmart-wallet] [    Test worker] o.a.zookeeper.server.ZooKeeperServer     : Server environment:os.memory.max=512MB
2026-05-08T20:36:18.479+07:00  INFO 19644 --- [bidmart-wallet] [    Test worker] o.a.zookeeper.server.ZooKeeperServer     : Server environment:os.memory.total=74MB
2026-05-08T20:36:18.479+07:00  INFO 19644 --- [bidmart-wallet] [    Test worker] o.a.zookeeper.server.ZooKeeperServer     : zookeeper.enableEagerACLCheck = false
2026-05-08T20:36:18.491+07:00  INFO 19644 --- [bidmart-wallet] [    Test worker] o.a.zookeeper.server.ZooKeeperServer     : zookeeper.digest.enabled = true
2026-05-08T20:36:18.493+07:00  INFO 19644 --- [bidmart-wallet] [    Test worker] o.a.zookeeper.server.ZooKeeperServer     : zookeeper.closeSessionTxn.enabled = true
2026-05-08T20:36:18.494+07:00  INFO 19644 --- [bidmart-wallet] [    Test worker] o.a.zookeeper.server.ZooKeeperServer     : zookeeper.flushDelay = 0 ms
2026-05-08T20:36:18.495+07:00  INFO 19644 --- [bidmart-wallet] [    Test worker] o.a.zookeeper.server.ZooKeeperServer     : zookeeper.maxWriteQueuePollTime = 0 ms
2026-05-08T20:36:18.495+07:00  INFO 19644 --- [bidmart-wallet] [    Test worker] o.a.zookeeper.server.ZooKeeperServer     : zookeeper.maxBatchSize=1000
2026-05-08T20:36:18.495+07:00  INFO 19644 --- [bidmart-wallet] [    Test worker] o.a.zookeeper.server.ZooKeeperServer     : zookeeper.intBufferStartingSizeBytes = 1024
2026-05-08T20:36:18.511+07:00  INFO 19644 --- [bidmart-wallet] [    Test worker] o.a.z.server.persistence.FileTxnSnapLog  : zookeeper.snapshot.trust.empty : false
2026-05-08T20:36:18.642+07:00  INFO 19644 --- [bidmart-wallet] [    Test worker] o.a.z.server.watch.WatchManagerFactory   : Using org.apache.zookeeper.server.watch.WatchManager as watch manager
2026-05-08T20:36:18.643+07:00  INFO 19644 --- [bidmart-wallet] [    Test worker] o.a.z.server.watch.WatchManagerFactory   : Using org.apache.zookeeper.server.watch.WatchManager as watch manager
2026-05-08T20:36:18.646+07:00  INFO 19644 --- [bidmart-wallet] [    Test worker] org.apache.zookeeper.server.ZKDatabase   : zookeeper.snapshotSizeFactor = 0.33
2026-05-08T20:36:18.647+07:00  INFO 19644 --- [bidmart-wallet] [    Test worker] org.apache.zookeeper.server.ZKDatabase   : zookeeper.commitLogCount=500
2026-05-08T20:36:18.720+07:00  INFO 19644 --- [bidmart-wallet] [    Test worker] o.apache.zookeeper.server.BlueThrottle   : Weighed connection throttling is disabled
2026-05-08T20:36:18.741+07:00  INFO 19644 --- [bidmart-wallet] [    Test worker] o.a.zookeeper.server.ZooKeeperServer     : minSessionTimeout set to 1600 ms
2026-05-08T20:36:18.742+07:00  INFO 19644 --- [bidmart-wallet] [    Test worker] o.a.zookeeper.server.ZooKeeperServer     : maxSessionTimeout set to 16000 ms
2026-05-08T20:36:18.767+07:00  INFO 19644 --- [bidmart-wallet] [    Test worker] o.apache.zookeeper.server.ResponseCache  : getData response cache size is initialized with value 400.
2026-05-08T20:36:18.768+07:00  INFO 19644 --- [bidmart-wallet] [    Test worker] o.apache.zookeeper.server.ResponseCache  : getChildren response cache size is initialized with value 400.
2026-05-08T20:36:18.776+07:00  INFO 19644 --- [bidmart-wallet] [    Test worker] o.a.z.s.u.RequestPathMetricsCollector    : zookeeper.pathStats.slotCapacity = 60
2026-05-08T20:36:18.777+07:00  INFO 19644 --- [bidmart-wallet] [    Test worker] o.a.z.s.u.RequestPathMetricsCollector    : zookeeper.pathStats.slotDuration = 15
2026-05-08T20:36:18.777+07:00  INFO 19644 --- [bidmart-wallet] [    Test worker] o.a.z.s.u.RequestPathMetricsCollector    : zookeeper.pathStats.maxDepth = 6
2026-05-08T20:36:18.777+07:00  INFO 19644 --- [bidmart-wallet] [    Test worker] o.a.z.s.u.RequestPathMetricsCollector    : zookeeper.pathStats.initialDelay = 5
2026-05-08T20:36:18.777+07:00  INFO 19644 --- [bidmart-wallet] [    Test worker] o.a.z.s.u.RequestPathMetricsCollector    : zookeeper.pathStats.delay = 5
2026-05-08T20:36:18.777+07:00  INFO 19644 --- [bidmart-wallet] [    Test worker] o.a.z.s.u.RequestPathMetricsCollector    : zookeeper.pathStats.enabled = false
2026-05-08T20:36:18.805+07:00  INFO 19644 --- [bidmart-wallet] [    Test worker] o.a.zookeeper.server.ZooKeeperServer     : The max bytes for all large requests are set to 104857600
2026-05-08T20:36:18.805+07:00  INFO 19644 --- [bidmart-wallet] [    Test worker] o.a.zookeeper.server.ZooKeeperServer     : The large request threshold is set to -1
2026-05-08T20:36:18.814+07:00  INFO 19644 --- [bidmart-wallet] [    Test worker] o.a.z.server.AuthenticationHelper        : zookeeper.enforce.auth.enabled = false
2026-05-08T20:36:18.815+07:00  INFO 19644 --- [bidmart-wallet] [    Test worker] o.a.z.server.AuthenticationHelper        : zookeeper.enforce.auth.schemes = []
2026-05-08T20:36:18.815+07:00  INFO 19644 --- [bidmart-wallet] [    Test worker] o.a.zookeeper.server.ZooKeeperServer     : Created server with tickTime 800 ms minSessionTimeout 1600 ms maxSessionTimeout 16000 ms clientPortListenBacklog -1 datadir C:\Users\naail\AppData\Local\Temp\kafka-1394893379825682275\version-2 snapdir C:\Users\naail\AppData\Local\Temp\kafka-12421222639398159848\version-2
2026-05-08T20:36:18.888+07:00  WARN 19644 --- [bidmart-wallet] [    Test worker] o.a.zookeeper.server.ServerCnxnFactory   : maxCnxns is not configured, using default value 0.
2026-05-08T20:36:18.906+07:00  INFO 19644 --- [bidmart-wallet] [    Test worker] o.a.z.server.NIOServerCnxnFactory        : Configuring NIO connection handler with 10s sessionless connection timeout, 3 selector thread(s), 44 worker threads, and 64 kB direct buffers.
2026-05-08T20:36:18.945+07:00  INFO 19644 --- [bidmart-wallet] [    Test worker] o.a.z.server.NIOServerCnxnFactory        : binding to port /127.0.0.1:0
2026-05-08T20:36:19.144+07:00  INFO 19644 --- [bidmart-wallet] [    Test worker] o.a.z.server.persistence.SnapStream      : zookeeper.snapshot.compression.method = CHECKED
2026-05-08T20:36:19.145+07:00  INFO 19644 --- [bidmart-wallet] [    Test worker] o.a.z.server.persistence.FileTxnSnapLog  : Snapshotting: 0x0 to C:\Users\naail\AppData\Local\Temp\kafka-12421222639398159848\version-2\snapshot.0
2026-05-08T20:36:19.176+07:00  INFO 19644 --- [bidmart-wallet] [    Test worker] org.apache.zookeeper.server.ZKDatabase   : Snapshot loaded in 209 ms, highest zxid is 0x0, digest is 1371985504
2026-05-08T20:36:19.185+07:00  INFO 19644 --- [bidmart-wallet] [    Test worker] o.a.z.server.persistence.FileTxnSnapLog  : Snapshotting: 0x0 to C:\Users\naail\AppData\Local\Temp\kafka-12421222639398159848\version-2\snapshot.0
2026-05-08T20:36:19.188+07:00  INFO 19644 --- [bidmart-wallet] [    Test worker] o.a.zookeeper.server.ZooKeeperServer     : Snapshot taken in 3 ms
2026-05-08T20:36:19.268+07:00  INFO 19644 --- [bidmart-wallet] [0 cport:53754):] o.a.z.server.PrepRequestProcessor        : PrepRequestProcessor (sid:0) started, reconfigEnabled=false
2026-05-08T20:36:19.271+07:00  INFO 19644 --- [bidmart-wallet] [    Test worker] o.a.zookeeper.server.RequestThrottler    : zookeeper.request_throttler.shutdownTimeout = 10000 ms
2026-05-08T20:36:20.321+07:00  INFO 19644 --- [bidmart-wallet] [    Test worker] kafka.server.KafkaConfig                 : KafkaConfig values: 
	advertised.listeners = null
	alter.config.policy.class.name = null
	alter.log.dirs.replication.quota.window.num = 11
	alter.log.dirs.replication.quota.window.size.seconds = 1
	authorizer.class.name = 
	auto.create.topics.enable = true
	auto.include.jmx.reporter = true
	auto.leader.rebalance.enable = true
	background.threads = 2
	broker.heartbeat.interval.ms = 2000
	broker.id = 0
	broker.id.generation.enable = true
	broker.rack = null
	broker.session.timeout.ms = 9000
	client.quota.callback.class = null
	compression.gzip.level = -1
	compression.lz4.level = 9
	compression.type = producer
	compression.zstd.level = 3
	connection.failed.authentication.delay.ms = 100
	connections.max.idle.ms = 600000
	connections.max.reauth.ms = 0
	control.plane.listener.name = null
	controlled.shutdown.enable = false
	controlled.shutdown.max.retries = 3
	controlled.shutdown.retry.backoff.ms = 100
	controller.listener.names = null
	controller.quorum.append.linger.ms = 25
	controller.quorum.bootstrap.servers = []
	controller.quorum.election.backoff.max.ms = 1000
	controller.quorum.election.timeout.ms = 1000
	controller.quorum.fetch.timeout.ms = 2000
	controller.quorum.request.timeout.ms = 2000
	controller.quorum.retry.backoff.ms = 20
	controller.quorum.voters = []
	controller.quota.window.num = 11
	controller.quota.window.size.seconds = 1
	controller.socket.timeout.ms = 1000
	create.topic.policy.class.name = null
	default.replication.factor = 1
	delegation.token.expiry.check.interval.ms = 3600000
	delegation.token.expiry.time.ms = 86400000
	delegation.token.master.key = null
	delegation.token.max.lifetime.ms = 604800000
	delegation.token.secret.key = null
	delete.records.purgatory.purge.interval.requests = 1
	delete.topic.enable = true
	early.start.listeners = null
	eligible.leader.replicas.enable = false
	fetch.max.bytes = 57671680
	fetch.purgatory.purge.interval.requests = 1000
	group.consumer.assignors = [org.apache.kafka.coordinator.group.assignor.UniformAssignor, org.apache.kafka.coordinator.group.assignor.RangeAssignor]
	group.consumer.heartbeat.interval.ms = 5000
	group.consumer.max.heartbeat.interval.ms = 15000
	group.consumer.max.session.timeout.ms = 60000
	group.consumer.max.size = 2147483647
	group.consumer.migration.policy = disabled
	group.consumer.min.heartbeat.interval.ms = 5000
	group.consumer.min.session.timeout.ms = 45000
	group.consumer.session.timeout.ms = 45000
	group.coordinator.append.linger.ms = 10
	group.coordinator.new.enable = false
	group.coordinator.rebalance.protocols = [classic]
	group.coordinator.threads = 1
	group.initial.rebalance.delay.ms = 0
	group.max.session.timeout.ms = 1800000
	group.max.size = 2147483647
	group.min.session.timeout.ms = 6000
	initial.broker.registration.timeout.ms = 60000
	inter.broker.listener.name = null
	inter.broker.protocol.version = 3.8-IV0
	kafka.metrics.polling.interval.secs = 10
	kafka.metrics.reporters = []
	leader.imbalance.check.interval.seconds = 300
	leader.imbalance.per.broker.percentage = 10
	listener.security.protocol.map = SASL_SSL:SASL_SSL,PLAINTEXT:PLAINTEXT,SSL:SSL,SASL_PLAINTEXT:SASL_PLAINTEXT
	listeners = PLAINTEXT://localhost:0
	log.cleaner.backoff.ms = 15000
	log.cleaner.dedupe.buffer.size = 2097152
	log.cleaner.delete.retention.ms = 86400000
	log.cleaner.enable = true
	log.cleaner.io.buffer.load.factor = 0.9
	log.cleaner.io.buffer.size = 524288
	log.cleaner.io.max.bytes.per.second = 1.7976931348623157E308
	log.cleaner.max.compaction.lag.ms = 9223372036854775807
	log.cleaner.min.cleanable.ratio = 0.5
	log.cleaner.min.compaction.lag.ms = 0
	log.cleaner.threads = 1
	log.cleanup.policy = [delete]
	log.dir = C:\Users\naail\AppData\Local\Temp\spring.kafka.4d24a1bb-311f-43df-8a6d-f55e837beb5e15859137383385148944
	log.dir.failure.timeout.ms = 30000
	log.dirs = null
	log.flush.interval.messages = 9223372036854775807
	log.flush.interval.ms = null
	log.flush.offset.checkpoint.interval.ms = 60000
	log.flush.scheduler.interval.ms = 9223372036854775807
	log.flush.start.offset.checkpoint.interval.ms = 60000
	log.index.interval.bytes = 4096
	log.index.size.max.bytes = 10485760
	log.initial.task.delay.ms = 30000
	log.local.retention.bytes = -2
	log.local.retention.ms = -2
	log.message.downconversion.enable = true
	log.message.format.version = 3.0-IV1
	log.message.timestamp.after.max.ms = 9223372036854775807
	log.message.timestamp.before.max.ms = 9223372036854775807
	log.message.timestamp.difference.max.ms = 9223372036854775807
	log.message.timestamp.type = CreateTime
	log.preallocate = false
	log.retention.bytes = -1
	log.retention.check.interval.ms = 300000
	log.retention.hours = 168
	log.retention.minutes = null
	log.retention.ms = null
	log.roll.hours = 168
	log.roll.jitter.hours = 0
	log.roll.jitter.ms = null
	log.roll.ms = null
	log.segment.bytes = 1073741824
	log.segment.delete.delay.ms = 1000
	max.connection.creation.rate = 2147483647
	max.connections = 2147483647
	max.connections.per.ip = 2147483647
	max.connections.per.ip.overrides = 
	max.incremental.fetch.session.cache.slots = 1000
	max.request.partition.size.limit = 2000
	message.max.bytes = 1048588
	metadata.log.dir = null
	metadata.log.max.record.bytes.between.snapshots = 20971520
	metadata.log.max.snapshot.interval.ms = 3600000
	metadata.log.segment.bytes = 1073741824
	metadata.log.segment.min.bytes = 8388608
	metadata.log.segment.ms = 604800000
	metadata.max.idle.interval.ms = 500
	metadata.max.retention.bytes = 104857600
	metadata.max.retention.ms = 604800000
	metric.reporters = []
	metrics.num.samples = 2
	metrics.recording.level = INFO
	metrics.sample.window.ms = 30000
	min.insync.replicas = 1
	node.id = 0
	num.io.threads = 8
	num.network.threads = 2
	num.partitions = 1
	num.recovery.threads.per.data.dir = 1
	num.replica.alter.log.dirs.threads = null
	num.replica.fetchers = 1
	offset.metadata.max.bytes = 4096
	offsets.commit.required.acks = -1
	offsets.commit.timeout.ms = 5000
	offsets.load.buffer.size = 5242880
	offsets.retention.check.interval.ms = 600000
	offsets.retention.minutes = 10080
	offsets.topic.compression.codec = 0
	offsets.topic.num.partitions = 5
	offsets.topic.replication.factor = 1
	offsets.topic.segment.bytes = 104857600
	password.encoder.cipher.algorithm = AES/CBC/PKCS5Padding
	password.encoder.iterations = 4096
	password.encoder.key.length = 128
	password.encoder.keyfactory.algorithm = null
	password.encoder.old.secret = null
	password.encoder.secret = null
	principal.builder.class = class org.apache.kafka.common.security.authenticator.DefaultKafkaPrincipalBuilder
	process.roles = []
	producer.id.expiration.check.interval.ms = 600000
	producer.id.expiration.ms = 86400000
	producer.purgatory.purge.interval.requests = 1000
	queued.max.request.bytes = -1
	queued.max.requests = 500
	quota.window.num = 11
	quota.window.size.seconds = 1
	remote.fetch.max.wait.ms = 500
	remote.log.index.file.cache.total.size.bytes = 1073741824
	remote.log.manager.copier.thread.pool.size = 10
	remote.log.manager.copy.max.bytes.per.second = 9223372036854775807
	remote.log.manager.copy.quota.window.num = 11
	remote.log.manager.copy.quota.window.size.seconds = 1
	remote.log.manager.expiration.thread.pool.size = 10
	remote.log.manager.fetch.max.bytes.per.second = 9223372036854775807
	remote.log.manager.fetch.quota.window.num = 11
	remote.log.manager.fetch.quota.window.size.seconds = 1
	remote.log.manager.task.interval.ms = 30000
	remote.log.manager.task.retry.backoff.max.ms = 30000
	remote.log.manager.task.retry.backoff.ms = 500
	remote.log.manager.task.retry.jitter = 0.2
	remote.log.manager.thread.pool.size = 10
	remote.log.metadata.custom.metadata.max.bytes = 128
	remote.log.metadata.manager.class.name = org.apache.kafka.server.log.remote.metadata.storage.TopicBasedRemoteLogMetadataManager
	remote.log.metadata.manager.class.path = null
	remote.log.metadata.manager.impl.prefix = rlmm.config.
	remote.log.metadata.manager.listener.name = null
	remote.log.reader.max.pending.tasks = 100
	remote.log.reader.threads = 10
	remote.log.storage.manager.class.name = null
	remote.log.storage.manager.class.path = null
	remote.log.storage.manager.impl.prefix = rsm.config.
	remote.log.storage.system.enable = false
	replica.fetch.backoff.ms = 1000
	replica.fetch.max.bytes = 1048576
	replica.fetch.min.bytes = 1
	replica.fetch.response.max.bytes = 10485760
	replica.fetch.wait.max.ms = 500
	replica.high.watermark.checkpoint.interval.ms = 9223372036854775807
	replica.lag.time.max.ms = 30000
	replica.selector.class = null
	replica.socket.receive.buffer.bytes = 65536
	replica.socket.timeout.ms = 1000
	replication.quota.window.num = 11
	replication.quota.window.size.seconds = 1
	request.timeout.ms = 30000
	reserved.broker.max.id = 1000
	sasl.client.callback.handler.class = null
	sasl.enabled.mechanisms = [GSSAPI]
	sasl.jaas.config = null
	sasl.kerberos.kinit.cmd = /usr/bin/kinit
	sasl.kerberos.min.time.before.relogin = 60000
	sasl.kerberos.principal.to.local.rules = [DEFAULT]
	sasl.kerberos.service.name = null
	sasl.kerberos.ticket.renew.jitter = 0.05
	sasl.kerberos.ticket.renew.window.factor = 0.8
	sasl.login.callback.handler.class = null
	sasl.login.class = null
	sasl.login.connect.timeout.ms = null
	sasl.login.read.timeout.ms = null
	sasl.login.refresh.buffer.seconds = 300
	sasl.login.refresh.min.period.seconds = 60
	sasl.login.refresh.window.factor = 0.8
	sasl.login.refresh.window.jitter = 0.05
	sasl.login.retry.backoff.max.ms = 10000
	sasl.login.retry.backoff.ms = 100
	sasl.mechanism.controller.protocol = GSSAPI
	sasl.mechanism.inter.broker.protocol = GSSAPI
	sasl.oauthbearer.clock.skew.seconds = 30
	sasl.oauthbearer.expected.audience = null
	sasl.oauthbearer.expected.issuer = null
	sasl.oauthbearer.jwks.endpoint.refresh.ms = 3600000
	sasl.oauthbearer.jwks.endpoint.retry.backoff.max.ms = 10000
	sasl.oauthbearer.jwks.endpoint.retry.backoff.ms = 100
	sasl.oauthbearer.jwks.endpoint.url = null
	sasl.oauthbearer.scope.claim.name = scope
	sasl.oauthbearer.sub.claim.name = sub
	sasl.oauthbearer.token.endpoint.url = null
	sasl.server.callback.handler.class = null
	sasl.server.max.receive.size = 524288
	security.inter.broker.protocol = PLAINTEXT
	security.providers = null
	server.max.startup.time.ms = 9223372036854775807
	socket.connection.setup.timeout.max.ms = 30000
	socket.connection.setup.timeout.ms = 10000
	socket.listen.backlog.size = 50
	socket.receive.buffer.bytes = 102400
	socket.request.max.bytes = 104857600
	socket.send.buffer.bytes = 102400
	ssl.allow.dn.changes = false
	ssl.allow.san.changes = false
	ssl.cipher.suites = []
	ssl.client.auth = none
	ssl.enabled.protocols = [TLSv1.2, TLSv1.3]
	ssl.endpoint.identification.algorithm = https
	ssl.engine.factory.class = null
	ssl.key.password = null
	ssl.keymanager.algorithm = SunX509
	ssl.keystore.certificate.chain = null
	ssl.keystore.key = null
	ssl.keystore.location = null
	ssl.keystore.password = null
	ssl.keystore.type = JKS
	ssl.principal.mapping.rules = DEFAULT
	ssl.protocol = TLSv1.3
	ssl.provider = null
	ssl.secure.random.implementation = null
	ssl.trustmanager.algorithm = PKIX
	ssl.truststore.certificates = null
	ssl.truststore.location = null
	ssl.truststore.password = null
	ssl.truststore.type = JKS
	telemetry.max.bytes = 1048576
	transaction.abort.timed.out.transaction.cleanup.interval.ms = 10000
	transaction.max.timeout.ms = 900000
	transaction.partition.verification.enable = true
	transaction.remove.expired.transaction.cleanup.interval.ms = 3600000
	transaction.state.log.load.buffer.size = 5242880
	transaction.state.log.min.isr = 2
	transaction.state.log.num.partitions = 50
	transaction.state.log.replication.factor = 1
	transaction.state.log.segment.bytes = 104857600
	transactional.id.expiration.ms = 604800000
	unclean.leader.election.enable = false
	unstable.api.versions.enable = false
	unstable.feature.versions.enable = true
	zookeeper.clientCnxnSocket = null
	zookeeper.connect = 127.0.0.1:53754
	zookeeper.connection.timeout.ms = 10000
	zookeeper.max.in.flight.requests = 10
	zookeeper.metadata.migration.enable = false
	zookeeper.metadata.migration.min.batch.size = 200
	zookeeper.session.timeout.ms = 18000
	zookeeper.set.acl = false
	zookeeper.ssl.cipher.suites = null
	zookeeper.ssl.client.enable = false
	zookeeper.ssl.crl.enable = false
	zookeeper.ssl.enabled.protocols = null
	zookeeper.ssl.endpoint.identification.algorithm = HTTPS
	zookeeper.ssl.keystore.location = null
	zookeeper.ssl.keystore.password = null
	zookeeper.ssl.keystore.type = null
	zookeeper.ssl.ocsp.enable = false
	zookeeper.ssl.protocol = TLSv1.2
	zookeeper.ssl.truststore.location = null
	zookeeper.ssl.truststore.password = null
	zookeeper.ssl.truststore.type = null

2026-05-08T20:36:20.480+07:00  INFO 19644 --- [bidmart-wallet] [    Test worker] org.apache.zookeeper.common.X509Util     : Setting -D jdk.tls.rejectClientInitiatedRenegotiation=true to disable client-initiated TLS renegotiation
2026-05-08T20:36:20.486+07:00  INFO 19644 --- [bidmart-wallet] [    Test worker] o.a.k.s.l.r.s.RemoteLogManagerConfig     : RemoteLogManagerConfig values: 
	log.local.retention.bytes = -2
	log.local.retention.ms = -2
	remote.fetch.max.wait.ms = 500
	remote.log.index.file.cache.total.size.bytes = 1073741824
	remote.log.manager.copier.thread.pool.size = 10
	remote.log.manager.copy.max.bytes.per.second = 9223372036854775807
	remote.log.manager.copy.quota.window.num = 11
	remote.log.manager.copy.quota.window.size.seconds = 1
	remote.log.manager.expiration.thread.pool.size = 10
	remote.log.manager.fetch.max.bytes.per.second = 9223372036854775807
	remote.log.manager.fetch.quota.window.num = 11
	remote.log.manager.fetch.quota.window.size.seconds = 1
	remote.log.manager.task.interval.ms = 30000
	remote.log.manager.task.retry.backoff.max.ms = 30000
	remote.log.manager.task.retry.backoff.ms = 500
	remote.log.manager.task.retry.jitter = 0.2
	remote.log.manager.thread.pool.size = 10
	remote.log.metadata.custom.metadata.max.bytes = 128
	remote.log.metadata.manager.class.name = org.apache.kafka.server.log.remote.metadata.storage.TopicBasedRemoteLogMetadataManager
	remote.log.metadata.manager.class.path = null
	remote.log.metadata.manager.impl.prefix = rlmm.config.
	remote.log.metadata.manager.listener.name = null
	remote.log.reader.max.pending.tasks = 100
	remote.log.reader.threads = 10
	remote.log.storage.manager.class.name = null
	remote.log.storage.manager.class.path = null
	remote.log.storage.manager.impl.prefix = rsm.config.
	remote.log.storage.system.enable = false

2026-05-08T20:36:21.006+07:00  INFO 19644 --- [bidmart-wallet] [    Test worker] kafka.server.KafkaServer                 : starting
2026-05-08T20:36:21.007+07:00  INFO 19644 --- [bidmart-wallet] [    Test worker] kafka.server.KafkaServer                 : Connecting to zookeeper on 127.0.0.1:53754
2026-05-08T20:36:21.084+07:00  INFO 19644 --- [bidmart-wallet] [    Test worker] kafka.zookeeper.ZooKeeperClient          : [ZooKeeperClient Kafka server] Initializing a new session to 127.0.0.1:53754.
2026-05-08T20:36:21.104+07:00  INFO 19644 --- [bidmart-wallet] [    Test worker] org.apache.zookeeper.ZooKeeper           : Client environment:zookeeper.version=3.8.4-9316c2a7a97e1666d8f4593f34dd6fc36ecc436c, built on 2024-02-12 22:16 UTC
2026-05-08T20:36:21.106+07:00  INFO 19644 --- [bidmart-wallet] [    Test worker] org.apache.zookeeper.ZooKeeper           : Client environment:host.name=host.docker.internal
2026-05-08T20:36:21.106+07:00  INFO 19644 --- [bidmart-wallet] [    Test worker] org.apache.zookeeper.ZooKeeper           : Client environment:java.version=21.0.6
2026-05-08T20:36:21.106+07:00  INFO 19644 --- [bidmart-wallet] [    Test worker] org.apache.zookeeper.ZooKeeper           : Client environment:java.vendor=Oracle Corporation
2026-05-08T20:36:21.106+07:00  INFO 19644 --- [bidmart-wallet] [    Test worker] org.apache.zookeeper.ZooKeeper           : Client environment:java.home=C:\Program Files\Java\jdk-21
2026-05-08T20:36:21.106+07:00  INFO 19644 --- [bidmart-wallet] [    Test worker] org.apache.zookeeper.ZooKeeper           : Client environment:java.class.path=C:\\Users\\naail\\.gradle\\caches\\9.3.1\\workerMain\\gradle-worker.jar;C:\\Users\\naail\\wallet-service\\build\\classes\\java\\test;C:\\Users\\naail\\wallet-service\\build\\classes\\java\\main;C:\\Users\\naail\\wallet-service\\build\\resources\\main;C:\\Users\\naail\\.gradle\\caches\\modules-2\\files-2.1\\org.springframework.boot\\spring-boot-starter-web\\3.4.2\\cf1c8efe77dccf221acf5f0ce9cc24c718c0ca44\\spring-boot-starter-web-3.4.2.jar;C:\\Users\\naail\\.gradle\\caches\\modules-2\\files-2.1\\org.springframework.boot\\spring-boot-starter-data-jpa\\3.4.2\\b65a304b493807dff48bf114135dc4aa5f267927\\spring-boot-starter-data-jpa-3.4.2.jar;C:\\Users\\naail\\.gradle\\caches\\modules-2\\files-2.1\\org.springframework.boot\\spring-boot-starter-validation\\3.4.2\\3195ea4da38b902a09bf192361800d4e43940465\\spring-boot-starter-validation-3.4.2.jar;C:\\Users\\naail\\.gradle\\caches\\modules-2\\files-2.1\\org.springframework.boot\\spring-boot-starter-security\\3.4.2\\b3102ed745b5e71f61bb5174c6a12275f0154dbb\\spring-boot-starter-security-3.4.2.jar;C:\\Users\\naail\\.gradle\\caches\\modules-2\\files-2.1\\org.springframework.boot\\spring-boot-starter-actuator\\3.4.2\\667a1a4340d65ee7fde16f61ada4b3e35da9f566\\spring-boot-starter-actuator-3.4.2.jar;C:\\Users\\naail\\.gradle\\caches\\modules-2\\files-2.1\\org.springframework.kafka\\spring-kafka\\3.3.2\\2ab3df68531166d0f94bfc68380a9ce9dc4e9ca3\\spring-kafka-3.3.2.jar;C:\\Users\\naail\\.gradle\\caches\\modules-2\\files-2.1\\io.jsonwebtoken\\jjwt-impl\\0.12.6\\ac23673a84b6089e0369fb8ab2c69edd91cd6eb0\\jjwt-impl-0.12.6.jar;C:\\Users\\naail\\.gradle\\caches\\modules-2\\files-2.1\\io.jsonwebtoken\\jjwt-jackson\\0.12.6\\f141e0c1136ba17f2632858238a31ae05642dbf8\\jjwt-jackson-0.12.6.jar;C:\\Users\\naail\\.gradle\\caches\\modules-2\\files-2.1\\io.jsonwebtoken\\jjwt-api\\0.12.6\\478886a888f6add04937baf0361144504a024967\\jjwt-api-0.12.6.jar;C:\\Users\\naail\\.gradle\\caches\\modules-2\\files-2.1\\org.postgresql\\postgresql\\42.7.5\\747897987b86c741fb8b56f6b81929ae1e6e4b46\\postgresql-42.7.5.jar;C:\\Users\\naail\\.gradle\\caches\\modules-2\\files-2.1\\com.h2database\\h2\\2.3.232\\4fcc05d966ccdb2812ae8b9a718f69226c0cf4e2\\h2-2.3.232.jar;C:\\Users\\naail\\.gradle\\caches\\modules-2\\files-2.1\\org.springframework.boot\\spring-boot-starter-test\\3.4.2\\d1372e0b45363ba2019b3f5f70bc52092ca2acf0\\spring-boot-starter-test-3.4.2.jar;C:\\Users\\naail\\.gradle\\caches\\modules-2\\files-2.1\\org.springframework.kafka\\spring-kafka-test\\3.3.2\\b2bab37ac4947e409cb68c894e97b689da2d209f\\spring-kafka-test-3.3.2.jar;C:\\Users\\naail\\.gradle\\caches\\modules-2\\files-2.1\\org.junit.jupiter\\junit-jupiter\\5.11.4\\a699f024a4a4706b36bddbeb42d499aff9e09379\\junit-jupiter-5.11.4.jar;C:\\Users\\naail\\.gradle\\caches\\modules-2\\files-2.1\\org.mockito\\mockito-junit-jupiter\\5.14.2\\3cfc377d4bb9fe729f3dd9098d9a9b27da58324a\\mockito-junit-jupiter-5.14.2.jar;C:\\Users\\naail\\.gradle\\caches\\modules-2\\files-2.1\\org.junit.jupiter\\junit-jupiter-params\\5.11.4\\e4c86fbe2a39c60c6b87260ef7f7e7c1a1906481\\junit-jupiter-params-5.11.4.jar;C:\\Users\\naail\\.gradle\\caches\\modules-2\\files-2.1\\org.junit.jupiter\\junit-jupiter-engine\\5.11.4\\dc10ec209623986a68ea07f67cdc7d2a65a60355\\junit-jupiter-engine-5.11.4.jar;C:\\Users\\naail\\.gradle\\caches\\modules-2\\files-2.1\\org.junit.jupiter\\junit-jupiter-api\\5.11.4\\308315b28e667db4091b2ba1f7aa220d1ddadb97\\junit-jupiter-api-5.11.4.jar;C:\\Users\\naail\\.gradle\\caches\\modules-2\\files-2.1\\org.junit.platform\\junit-platform-engine\\1.11.4\\21f61b123ad6ac8f7e73971bff3a096c8d8e1cd0\\junit-platform-engine-1.11.4.jar;C:\\Users\\naail\\.gradle\\caches\\modules-2\\files-2.1\\org.junit.platform\\junit-platform-commons\\1.11.4\\8898eea3ed0da2641548d602c3e308804f166303\\junit-platform-commons-1.11.4.jar;C:\\Users\\naail\\.gradle\\caches\\modules-2\\files-2.1\\org.junit.platform\\junit-platform-launcher\\1.11.4\\3d83c201899d8c5e74e1a5d628eab900342a0e48\\junit-platform-launcher-1.11.4.jar;C:\\Users\\naail\\.gradle\\caches\\modules-2\\files-2.1\\org.springframework.boot\\spring-boot-starter-json\\3.4.2\\e413d51228ddaf6a9644533987faa0ae6e18fe47\\spring-boot-starter-json-3.4.2.jar;C:\\Users\\naail\\.gradle\\caches\\modules-2\\files-2.1\\org.springframework.boot\\spring-boot-starter-jdbc\\3.4.2\\a3698cab03ba6daaaa38c16df1b36c862e9e3e4b\\spring-boot-starter-jdbc-3.4.2.jar;C:\\Users\\naail\\.gradle\\caches\\modules-2\\files-2.1\\org.springframework.boot\\spring-boot-starter\\3.4.2\\9d914208449fce99a67d3def60957cdcc98b552a\\spring-boot-starter-3.4.2.jar;C:\\Users\\naail\\.gradle\\caches\\modules-2\\files-2.1\\org.springframework.boot\\spring-boot-starter-tomcat\\3.4.2\\aa345bdd83adc80db5bc6ac4a711460396ad17ef\\spring-boot-starter-tomcat-3.4.2.jar;C:\\Users\\naail\\.gradle\\caches\\modules-2\\files-2.1\\org.springframework\\spring-webmvc\\6.2.2\\9b1aeb179ba9667bc78a4a5cec4ec8087db404d7\\spring-webmvc-6.2.2.jar;C:\\Users\\naail\\.gradle\\caches\\modules-2\\files-2.1\\org.springframework.security\\spring-security-web\\6.4.2\\733a3bbbdca56225676fb7f4e3f317c2075fc383\\spring-security-web-6.4.2.jar;C:\\Users\\naail\\.gradle\\caches\\modules-2\\files-2.1\\org.springframework\\spring-web\\6.2.2\\bd2ef98bf98b6ecf8dd29106ae27b7515524c21\\spring-web-6.2.2.jar;C:\\Users\\naail\\.gradle\\caches\\modules-2\\files-2.1\\org.hibernate.orm\\hibernate-core\\6.6.5.Final\\c81deca40ebdb823d9f8a9e5dc5798a6a205626a\\hibernate-core-6.6.5.Final.jar;C:\\Users\\naail\\.gradle\\caches\\modules-2\\files-2.1\\org.springframework.data\\spring-data-jpa\\3.4.2\\4213f2d185b49447057823f5ef9de41e931f4f2e\\spring-data-jpa-3.4.2.jar;C:\\Users\\naail\\.gradle\\caches\\modules-2\\files-2.1\\org.springframework\\spring-aspects\\6.2.2\\e9e0379bc353e43ab1cb326f413bb293d8a52e78\\spring-aspects-6.2.2.jar;C:\\Users\\naail\\.gradle\\caches\\modules-2\\files-2.1\\org.apache.tomcat.embed\\tomcat-embed-el\\10.1.34\\d2b2daca3bc999c62e58ae36b45ba0582530fb25\\tomcat-embed-el-10.1.34.jar;C:\\Users\\naail\\.gradle\\caches\\modules-2\\files-2.1\\org.hibernate.validator\\hibernate-validator\\8.0.2.Final\\220e64815dd87535525331de20570017f899eb13\\hibernate-validator-8.0.2.Final.jar;C:\\Users\\naail\\.gradle\\caches\\modules-2\\files-2.1\\org.springframework.security\\spring-security-config\\6.4.2\\5ed985329eb14b1c61045160c8dcbbcab179ddd3\\spring-security-config-6.4.2.jar;C:\\Users\\naail\\.gradle\\caches\\modules-2\\files-2.1\\org.springframework.boot\\spring-boot-actuator-autoconfigure\\3.4.2\\d265afc28460f46189714e9c18e1cc5f94b953e3\\spring-boot-actuator-autoconfigure-3.4.2.jar;C:\\Users\\naail\\.gradle\\caches\\modules-2\\files-2.1\\org.springframework.boot\\spring-boot-test-autoconfigure\\3.4.2\\157da7295ed44a4c3377f6940c03b030c854f741\\spring-boot-test-autoconfigure-3.4.2.jar;C:\\Users\\naail\\.gradle\\caches\\modules-2\\files-2.1\\org.springframework.boot\\spring-boot-test\\3.4.2\\a13bb23179804f2627eb0f7ca9044359b128099f\\spring-boot-test-3.4.2.jar;C:\\Users\\naail\\.gradle\\caches\\modules-2\\files-2.1\\org.springframework.boot\\spring-boot-autoconfigure\\3.4.2\\c50511dba751ffe7df320d27c6875feb2745654e\\spring-boot-autoconfigure-3.4.2.jar;C:\\Users\\naail\\.gradle\\caches\\modules-2\\files-2.1\\org.springframework.boot\\spring-boot-actuator\\3.4.2\\73caa22d88cf4d604aa24efea01b0c1a79cb073a\\spring-boot-actuator-3.4.2.jar;C:\\Users\\naail\\.gradle\\caches\\modules-2\\files-2.1\\org.springframework.boot\\spring-boot\\3.4.2\\b2514201ba6b838bd638a51619515501c5baefea\\spring-boot-3.4.2.jar;C:\\Users\\naail\\.gradle\\caches\\modules-2\\files-2.1\\org.springframework.security\\spring-security-core\\6.4.2\\51302b2af3f01eb79fdc7164a4cc3a3aa7e3b541\\spring-security-core-6.4.2.jar;C:\\Users\\naail\\.gradle\\caches\\modules-2\\files-2.1\\org.springframework\\spring-context\\6.2.2\\aa01a7faa3694983339ca7e45619860ef34052d6\\spring-context-6.2.2.jar;C:\\Users\\naail\\.gradle\\caches\\modules-2\\files-2.1\\org.springframework\\spring-aop\\6.2.2\\2a1a445d4cd8e5fe2311df04fc25c0bc54bd2ce4\\spring-aop-6.2.2.jar;C:\\Users\\naail\\.gradle\\caches\\modules-2\\files-2.1\\io.micrometer\\micrometer-jakarta9\\1.14.3\\a7611688d9290a647cc7fea5a1219ef4125d1e30\\micrometer-jakarta9-1.14.3.jar;C:\\Users\\naail\\.gradle\\caches\\modules-2\\files-2.1\\io.micrometer\\micrometer-core\\1.14.3\\8962714eb3a6bf97711765fbefe7f6ac28cae96f\\micrometer-core-1.14.3.jar;C:\\Users\\naail\\.gradle\\caches\\modules-2\\files-2.1\\io.micrometer\\micrometer-observation\\1.14.3\\cd66186a1fe8465dc732d9514bade1104044b56d\\micrometer-observation-1.14.3.jar;C:\\Users\\naail\\.gradle\\caches\\modules-2\\files-2.1\\org.springframework\\spring-messaging\\6.2.2\\3b26ce466821f6f080bc643c7e4dae8a30af85c9\\spring-messaging-6.2.2.jar;C:\\Users\\naail\\.gradle\\caches\\modules-2\\files-2.1\\org.springframework\\spring-orm\\6.2.2\\98d0c8e2f8f65b776b24ffa979e9802a0c7085d7\\spring-orm-6.2.2.jar;C:\\Users\\naail\\.gradle\\caches\\modules-2\\files-2.1\\org.springframework\\spring-jdbc\\6.2.2\\840572e748c1dfe7122e19a10888918e5ecfb631\\spring-jdbc-6.2.2.jar;C:\\Users\\naail\\.gradle\\caches\\modules-2\\files-2.1\\org.springframework\\spring-tx\\6.2.2\\91a2e378d0e457b9c500f2b30aaf8a7a422ba522\\spring-tx-6.2.2.jar;C:\\Users\\naail\\.gradle\\caches\\modules-2\\files-2.1\\org.springframework.retry\\spring-retry\\2.0.11\\bd4fae67445baf330b69b6b786748a308ab31f6\\spring-retry-2.0.11.jar;C:\\Users\\naail\\.gradle\\caches\\modules-2\\files-2.1\\org.apache.kafka\\kafka_2.13\\3.8.1\\832245e638abf7ec3996b76a42944960abe39e23\\kafka_2.13-3.8.1.jar;C:\\Users\\naail\\.gradle\\caches\\modules-2\\files-2.1\\org.apache.kafka\\kafka_2.13\\3.8.1\\6278b0f00854c36ed12c8a016152332bc9d1a609\\kafka_2.13-3.8.1-test.jar;C:\\Users\\naail\\.gradle\\caches\\modules-2\\files-2.1\\org.apache.kafka\\kafka-server\\3.8.1\\9b339e97deeecaf1e7897b4c731d77392b4745de\\kafka-server-3.8.1.jar;C:\\Users\\naail\\.gradle\\caches\\modules-2\\files-2.1\\org.apache.kafka\\kafka-group-coordinator\\3.8.1\\d372d5bfee64939af353d4246cab795884cb477c\\kafka-group-coordinator-3.8.1.jar;C:\\Users\\naail\\.gradle\\caches\\modules-2\\files-2.1\\org.apache.kafka\\kafka-metadata\\3.8.1\\3d6662afa30ed98985422d35485962819253040b\\kafka-metadata-3.8.1.jar;C:\\Users\\naail\\.gradle\\caches\\modules-2\\files-2.1\\org.apache.kafka\\kafka-raft\\3.8.1\\8f44b9f0da4fa1670d8506d33c06ba7662b37045\\kafka-raft-3.8.1.jar;C:\\Users\\naail\\.gradle\\caches\\modules-2\\files-2.1\\org.apache.kafka\\kafka-storage\\3.8.1\\daf35a6f6a1b8da8d2baa754856b12d5ebec7be3\\kafka-storage-3.8.1.jar;C:\\Users\\naail\\.gradle\\caches\\modules-2\\files-2.1\\org.apache.kafka\\kafka-storage-api\\3.8.1\\a522b224b598f30b9637ad2eb3a5db64c14db4a4\\kafka-storage-api-3.8.1.jar;C:\\Users\\naail\\.gradle\\caches\\modules-2\\files-2.1\\org.apache.kafka\\kafka-server-common\\3.8.1\\483d5f635aa0a751946a6bd80b0b3acbdc6b7169\\kafka-server-common-3.8.1.jar;C:\\Users\\naail\\.gradle\\caches\\modules-2\\files-2.1\\org.apache.kafka\\kafka-server-common\\3.8.1\\4ad5b80346a131afa11708238441f16026f0ec5c\\kafka-server-common-3.8.1-test.jar;C:\\Users\\naail\\.gradle\\caches\\modules-2\\files-2.1\\org.apache.kafka\\kafka-streams-test-utils\\3.8.1\\edc3d933c78754476fc5564f4fc2cb3da060a25a\\kafka-streams-test-utils-3.8.1.jar;C:\\Users\\naail\\.gradle\\caches\\modules-2\\files-2.1\\org.apache.kafka\\kafka-streams\\3.8.1\\9e054a4e7b88bc80f069e22045826013b7b697ec\\kafka-streams-3.8.1.jar;C:\\Users\\naail\\.gradle\\caches\\modules-2\\files-2.1\\org.apache.kafka\\kafka-group-coordinator-api\\3.8.1\\9f99f11956404ae64a2b210adaf6d1f3850ab26f\\kafka-group-coordinator-api-3.8.1.jar;C:\\Users\\naail\\.gradle\\caches\\modules-2\\files-2.1\\org.apache.kafka\\kafka-tools-api\\3.8.1\\43f69819f286340b5738e562122256b1b2470e99\\kafka-tools-api-3.8.1.jar;C:\\Users\\naail\\.gradle\\caches\\modules-2\\files-2.1\\org.apache.kafka\\kafka-clients\\3.8.1\\fd79e3aa252c6d818334e9c0bac8166b426e498c\\kafka-clients-3.8.1.jar;C:\\Users\\naail\\.gradle\\caches\\modules-2\\files-2.1\\org.apache.kafka\\kafka-clients\\3.8.1\\11d3ffefbc452fc4c5d45f4f6ec368bcab290a95\\kafka-clients-3.8.1-test.jar;C:\\Users\\naail\\.gradle\\caches\\modules-2\\files-2.1\\com.fasterxml.jackson.datatype\\jackson-datatype-jsr310\\2.18.2\\7b6ff96adf421f4c6edbd694e797dd8fe434510a\\jackson-datatype-jsr310-2.18.2.jar;C:\\Users\\naail\\.gradle\\caches\\modules-2\\files-2.1\\com.fasterxml.jackson.module\\jackson-module-parameter-names\\2.18.2\\72960cb3277347a748911d100c3302d60e8a616a\\jackson-module-parameter-names-2.18.2.jar;C:\\Users\\naail\\.gradle\\caches\\modules-2\\files-2.1\\com.fasterxml.jackson.module\\jackson-module-scala_2.13\\2.18.2\\84bb533a599a4eaf901aecce5e75d49490a88774\\jackson-module-scala_2.13-2.18.2.jar;C:\\Users\\naail\\.gradle\\caches\\modules-2\\files-2.1\\com.fasterxml.jackson.dataformat\\jackson-dataformat-csv\\2.18.2\\3e1f715d7cbcc5b79b104115bf8d2a7b0a9b4b22\\jackson-dataformat-csv-2.18.2.jar;C:\\Users\\naail\\.gradle\\caches\\modules-2\\files-2.1\\com.fasterxml.jackson.core\\jackson-annotations\\2.18.2\\985d77751ebc7fce5db115a986bc9aa82f973f4a\\jackson-annotations-2.18.2.jar;C:\\Users\\naail\\.gradle\\caches\\modules-2\\files-2.1\\com.fasterxml.jackson.core\\jackson-core\\2.18.2\\fb64ccac5c27dca8819418eb4e443a9f496d9ee7\\jackson-core-2.18.2.jar;C:\\Users\\naail\\.gradle\\caches\\modules-2\\files-2.1\\com.fasterxml.jackson.datatype\\jackson-datatype-jdk8\\2.18.2\\9ed6d538ebcc66864e114a7040953dce6ab6ea53\\jackson-datatype-jdk8-2.18.2.jar;C:\\Users\\naail\\.gradle\\caches\\modules-2\\files-2.1\\com.fasterxml.jackson.core\\jackson-databind\\2.18.2\\deef8697b92141fb6caf7aa86966cff4eec9b04f\\jackson-databind-2.18.2.jar;C:\\Users\\naail\\.gradle\\caches\\modules-2\\files-2.1\\com.github.ben-manes.caffeine\\caffeine\\3.1.8\\24795585df8afaf70a2cd534786904ea5889c047\\caffeine-3.1.8.jar;C:\\Users\\naail\\.gradle\\caches\\modules-2\\files-2.1\\org.checkerframework\\checker-qual\\3.48.3\\c48effe7d78de3cf5e8a98c614281ec6a2466a77\\checker-qual-3.48.3.jar;C:\\Users\\naail\\.gradle\\caches\\modules-2\\files-2.1\\com.jayway.jsonpath\\json-path\\2.9.0\\37fe2217f577b0b68b18e62c4d17a8858ecf9b69\\json-path-2.9.0.jar;C:\\Users\\naail\\.gradle\\caches\\modules-2\\files-2.1\\org.glassfish.jaxb\\jaxb-runtime\\4.0.5\\ca84c2a7169b5293e232b9d00d1e4e36d4c3914a\\jaxb-runtime-4.0.5.jar;C:\\Users\\naail\\.gradle\\caches\\modules-2\\files-2.1\\org.glassfish.jaxb\\jaxb-core\\4.0.5\\7b4b11ea5542eea4ad55e1080b23be436795b3\\jaxb-core-4.0.5.jar;C:\\Users\\naail\\.gradle\\caches\\modules-2\\files-2.1\\jakarta.xml.bind\\jakarta.xml.bind-api\\4.0.2\\6cd5a999b834b63238005b7144136379dc36cad2\\jakarta.xml.bind-api-4.0.2.jar;C:\\Users\\naail\\.gradle\\caches\\modules-2\\files-2.1\\net.minidev\\json-smart\\2.5.1\\4c11d2808d009132dfbbf947ebf37de6bf266c8e\\json-smart-2.5.1.jar;C:\\Users\\naail\\.gradle\\caches\\modules-2\\files-2.1\\org.assertj\\assertj-core\\3.26.3\\d26263eb7524252d98e602fc6942996a3195e29\\assertj-core-3.26.3.jar;C:\\Users\\naail\\.gradle\\caches\\modules-2\\files-2.1\\org.awaitility\\awaitility\\4.2.2\\7336242073ebf83fe034e42b46a403c5501b63c9\\awaitility-4.2.2.jar;C:\\Users\\naail\\.gradle\\caches\\modules-2\\files-2.1\\org.hamcrest\\hamcrest\\2.2\\1820c0968dba3a11a1b30669bb1f01978a91dedc\\hamcrest-2.2.jar;C:\\Users\\naail\\.gradle\\caches\\modules-2\\files-2.1\\org.mockito\\mockito-core\\5.14.2\\f7bf936008d7664e2002c3faf0c02071c8d10e7c\\mockito-core-5.14.2.jar;C:\\Users\\naail\\.gradle\\caches\\modules-2\\files-2.1\\org.skyscreamer\\jsonassert\\1.5.3\\aaa43e0823d2a0e106e8754d6a9c4ab24e05e9bc\\jsonassert-1.5.3.jar;C:\\Users\\naail\\.gradle\\caches\\modules-2\\files-2.1\\org.springframework\\spring-test\\6.2.2\\a9cacd039aa3da76c6b8d0ca3b7c41f6424bf6fb\\spring-test-6.2.2.jar;C:\\Users\\naail\\.gradle\\caches\\modules-2\\files-2.1\\org.springframework.data\\spring-data-commons\\3.4.2\\387ff91a749cce404f7a6e4a15a3b75ff497bdbc\\spring-data-commons-3.4.2.jar;C:\\Users\\naail\\.gradle\\caches\\modules-2\\files-2.1\\org.springframework\\spring-beans\\6.2.2\\ec8ee520ff7b147de8ac04d330848d468253f84d\\spring-beans-6.2.2.jar;C:\\Users\\naail\\.gradle\\caches\\modules-2\\files-2.1\\org.springframework\\spring-expression\\6.2.2\\20164dd3a70d0048185cf02bb1b097b22e73d820\\spring-expression-6.2.2.jar;C:\\Users\\naail\\.gradle\\caches\\modules-2\\files-2.1\\org.springframework\\spring-core\\6.2.2\\94269e888dc979e75a1a1b9600d7153d72e6a7f1\\spring-core-6.2.2.jar;C:\\Users\\naail\\.gradle\\caches\\modules-2\\files-2.1\\org.xmlunit\\xmlunit-core\\2.10.0\\1355088731b4ec2107ff7f319f0d7445d916bab\\xmlunit-core-2.10.0.jar;C:\\Users\\naail\\.gradle\\caches\\modules-2\\files-2.1\\org.apache.zookeeper\\zookeeper\\3.8.4\\6638e37b887b5a279044afbdc9928e19f678eb2e\\zookeeper-3.8.4.jar;C:\\Users\\naail\\.gradle\\caches\\modules-2\\files-2.1\\org.springframework.boot\\spring-boot-starter-logging\\3.4.2\\be7631ab8d3cb2a6a3
[...]
2026-05-08T20:36:45.492+07:00  INFO 19644 --- [bidmart-wallet] [quest-handler-7] kafka.log.UnifiedLog$                    : [LogLoader partition=__consumer_offsets-2, dir=C:\Users\naail\AppData\Local\Temp\spring.kafka.4d24a1bb-311f-43df-8a6d-f55e837beb5e15859137383385148944] Loading producer state till offset 0 with message format version 2
2026-05-08T20:36:45.497+07:00  INFO 19644 --- [bidmart-wallet] [quest-handler-7] kafka.log.LogManager                     : Created log for partition __consumer_offsets-2 in C:\Users\naail\AppData\Local\Temp\spring.kafka.4d24a1bb-311f-43df-8a6d-f55e837beb5e15859137383385148944\__consumer_offsets-2 with properties {cleanup.policy=compact, compression.type="producer", segment.bytes=104857600}
2026-05-08T20:36:45.497+07:00  INFO 19644 --- [bidmart-wallet] [quest-handler-7] kafka.cluster.Partition                  : [Partition __consumer_offsets-2 broker=0] No checkpointed highwatermark is found for partition __consumer_offsets-2
2026-05-08T20:36:45.497+07:00  INFO 19644 --- [bidmart-wallet] [quest-handler-7] kafka.cluster.Partition                  : [Partition __consumer_offsets-2 broker=0] Log loaded for partition __consumer_offsets-2 with initial high watermark 0
2026-05-08T20:36:45.498+07:00  INFO 19644 --- [bidmart-wallet] [quest-handler-7] state.change.logger                      : [Broker id=0] Leader __consumer_offsets-2 with topic id Some(EaP6QF1pRSeDFrluXC2y2A) starts at leader epoch 0 from offset 0 with partition epoch 0, high watermark 0, ISR [0], adding replicas [] and removing replicas [] . Previous leader None and previous leader epoch was -1.
2026-05-08T20:36:45.516+07:00  INFO 19644 --- [bidmart-wallet] [quest-handler-7] kafka.log.UnifiedLog$                    : [LogLoader partition=__consumer_offsets-4, dir=C:\Users\naail\AppData\Local\Temp\spring.kafka.4d24a1bb-311f-43df-8a6d-f55e837beb5e15859137383385148944] Loading producer state till offset 0 with message format version 2
2026-05-08T20:36:45.518+07:00  INFO 19644 --- [bidmart-wallet] [quest-handler-7] kafka.log.LogManager                     : Created log for partition __consumer_offsets-4 in C:\Users\naail\AppData\Local\Temp\spring.kafka.4d24a1bb-311f-43df-8a6d-f55e837beb5e15859137383385148944\__consumer_offsets-4 with properties {cleanup.policy=compact, compression.type="producer", segment.bytes=104857600}
2026-05-08T20:36:45.518+07:00  INFO 19644 --- [bidmart-wallet] [quest-handler-7] kafka.cluster.Partition                  : [Partition __consumer_offsets-4 broker=0] No checkpointed highwatermark is found for partition __consumer_offsets-4
2026-05-08T20:36:45.518+07:00  INFO 19644 --- [bidmart-wallet] [quest-handler-7] kafka.cluster.Partition                  : [Partition __consumer_offsets-4 broker=0] Log loaded for partition __consumer_offsets-4 with initial high watermark 0
2026-05-08T20:36:45.518+07:00  INFO 19644 --- [bidmart-wallet] [quest-handler-7] state.change.logger                      : [Broker id=0] Leader __consumer_offsets-4 with topic id Some(EaP6QF1pRSeDFrluXC2y2A) starts at leader epoch 0 from offset 0 with partition epoch 0, high watermark 0, ISR [0], adding replicas [] and removing replicas [] . Previous leader None and previous leader epoch was -1.
2026-05-08T20:36:45.533+07:00  INFO 19644 --- [bidmart-wallet] [quest-handler-7] kafka.log.UnifiedLog$                    : [LogLoader partition=__consumer_offsets-1, dir=C:\Users\naail\AppData\Local\Temp\spring.kafka.4d24a1bb-311f-43df-8a6d-f55e837beb5e15859137383385148944] Loading producer state till offset 0 with message format version 2
2026-05-08T20:36:45.535+07:00  INFO 19644 --- [bidmart-wallet] [quest-handler-7] kafka.log.LogManager                     : Created log for partition __consumer_offsets-1 in C:\Users\naail\AppData\Local\Temp\spring.kafka.4d24a1bb-311f-43df-8a6d-f55e837beb5e15859137383385148944\__consumer_offsets-1 with properties {cleanup.policy=compact, compression.type="producer", segment.bytes=104857600}
2026-05-08T20:36:45.536+07:00  INFO 19644 --- [bidmart-wallet] [quest-handler-7] kafka.cluster.Partition                  : [Partition __consumer_offsets-1 broker=0] No checkpointed highwatermark is found for partition __consumer_offsets-1
2026-05-08T20:36:45.536+07:00  INFO 19644 --- [bidmart-wallet] [quest-handler-7] kafka.cluster.Partition                  : [Partition __consumer_offsets-1 broker=0] Log loaded for partition __consumer_offsets-1 with initial high watermark 0
2026-05-08T20:36:45.536+07:00  INFO 19644 --- [bidmart-wallet] [quest-handler-7] state.change.logger                      : [Broker id=0] Leader __consumer_offsets-1 with topic id Some(EaP6QF1pRSeDFrluXC2y2A) starts at leader epoch 0 from offset 0 with partition epoch 0, high watermark 0, ISR [0], adding replicas [] and removing replicas [] . Previous leader None and previous leader epoch was -1.
2026-05-08T20:36:45.553+07:00  INFO 19644 --- [bidmart-wallet] [quest-handler-7] kafka.log.UnifiedLog$                    : [LogLoader partition=__consumer_offsets-0, dir=C:\Users\naail\AppData\Local\Temp\spring.kafka.4d24a1bb-311f-43df-8a6d-f55e837beb5e15859137383385148944] Loading producer state till offset 0 with message format version 2
2026-05-08T20:36:45.554+07:00  INFO 19644 --- [bidmart-wallet] [quest-handler-7] kafka.log.LogManager                     : Created log for partition __consumer_offsets-0 in C:\Users\naail\AppData\Local\Temp\spring.kafka.4d24a1bb-311f-43df-8a6d-f55e837beb5e15859137383385148944\__consumer_offsets-0 with properties {cleanup.policy=compact, compression.type="producer", segment.bytes=104857600}
2026-05-08T20:36:45.555+07:00  INFO 19644 --- [bidmart-wallet] [quest-handler-7] kafka.cluster.Partition                  : [Partition __consumer_offsets-0 broker=0] No checkpointed highwatermark is found for partition __consumer_offsets-0
2026-05-08T20:36:45.556+07:00  INFO 19644 --- [bidmart-wallet] [quest-handler-7] kafka.cluster.Partition                  : [Partition __consumer_offsets-0 broker=0] Log loaded for partition __consumer_offsets-0 with initial high watermark 0
2026-05-08T20:36:45.556+07:00  INFO 19644 --- [bidmart-wallet] [quest-handler-7] state.change.logger                      : [Broker id=0] Leader __consumer_offsets-0 with topic id Some(EaP6QF1pRSeDFrluXC2y2A) starts at leader epoch 0 from offset 0 with partition epoch 0, high watermark 0, ISR [0], adding replicas [] and removing replicas [] . Previous leader None and previous leader epoch was -1.
2026-05-08T20:36:45.564+07:00  INFO 19644 --- [bidmart-wallet] [quest-handler-7] k.coordinator.group.GroupCoordinator     : [GroupCoordinator 0]: Elected as the group coordinator for partition 3 in epoch 0
2026-05-08T20:36:45.566+07:00  INFO 19644 --- [bidmart-wallet] [quest-handler-7] k.c.group.GroupMetadataManager           : [GroupMetadataManager brokerId=0] Scheduling loading of offsets and group metadata from __consumer_offsets-3 for epoch 0
2026-05-08T20:36:45.572+07:00  INFO 19644 --- [bidmart-wallet] [quest-handler-7] k.coordinator.group.GroupCoordinator     : [GroupCoordinator 0]: Elected as the group coordinator for partition 2 in epoch 0
2026-05-08T20:36:45.572+07:00  INFO 19644 --- [bidmart-wallet] [quest-handler-7] k.c.group.GroupMetadataManager           : [GroupMetadataManager brokerId=0] Scheduling loading of offsets and group metadata from __consumer_offsets-2 for epoch 0
2026-05-08T20:36:45.572+07:00  INFO 19644 --- [bidmart-wallet] [quest-handler-7] k.coordinator.group.GroupCoordinator     : [GroupCoordinator 0]: Elected as the group coordinator for partition 4 in epoch 0
2026-05-08T20:36:45.572+07:00  INFO 19644 --- [bidmart-wallet] [quest-handler-7] k.c.group.GroupMetadataManager           : [GroupMetadataManager brokerId=0] Scheduling loading of offsets and group metadata from __consumer_offsets-4 for epoch 0
2026-05-08T20:36:45.573+07:00  INFO 19644 --- [bidmart-wallet] [quest-handler-7] k.coordinator.group.GroupCoordinator     : [GroupCoordinator 0]: Elected as the group coordinator for partition 1 in epoch 0
2026-05-08T20:36:45.573+07:00  INFO 19644 --- [bidmart-wallet] [quest-handler-7] k.c.group.GroupMetadataManager           : [GroupMetadataManager brokerId=0] Scheduling loading of offsets and group metadata from __consumer_offsets-1 for epoch 0
2026-05-08T20:36:45.573+07:00  INFO 19644 --- [bidmart-wallet] [quest-handler-7] k.coordinator.group.GroupCoordinator     : [GroupCoordinator 0]: Elected as the group coordinator for partition 0 in epoch 0
2026-05-08T20:36:45.573+07:00  INFO 19644 --- [bidmart-wallet] [quest-handler-7] k.c.group.GroupMetadataManager           : [GroupMetadataManager brokerId=0] Scheduling loading of offsets and group metadata from __consumer_offsets-0 for epoch 0
2026-05-08T20:36:45.573+07:00  INFO 19644 --- [bidmart-wallet] [quest-handler-7] state.change.logger                      : [Broker id=0] Finished LeaderAndIsr request in 140ms correlationId 5 from controller 0 for 5 partitions
2026-05-08T20:36:45.577+07:00  INFO 19644 --- [bidmart-wallet] [quest-handler-4] state.change.logger                      : [Broker id=0] Add 5 partitions and deleted 0 partitions from metadata cache in response to UpdateMetadata request sent by controller 0 epoch 1 with correlation id 6
2026-05-08T20:36:45.588+07:00  INFO 19644 --- [bidmart-wallet] [adata-manager-0] k.c.group.GroupMetadataManager           : [GroupMetadataManager brokerId=0] Finished loading offsets and group metadata from __consumer_offsets-3 in 17 milliseconds for epoch 0, of which 6 milliseconds was spent in the scheduler.
2026-05-08T20:36:45.590+07:00  INFO 19644 --- [bidmart-wallet] [adata-manager-0] k.c.group.GroupMetadataManager           : [GroupMetadataManager brokerId=0] Finished loading offsets and group metadata from __consumer_offsets-2 in 18 milliseconds for epoch 0, of which 18 milliseconds was spent in the scheduler.
2026-05-08T20:36:45.591+07:00  INFO 19644 --- [bidmart-wallet] [adata-manager-0] k.c.group.GroupMetadataManager           : [GroupMetadataManager brokerId=0] Finished loading offsets and group metadata from __consumer_offsets-4 in 18 milliseconds for epoch 0, of which 17 milliseconds was spent in the scheduler.
2026-05-08T20:36:45.591+07:00  INFO 19644 --- [bidmart-wallet] [adata-manager-0] k.c.group.GroupMetadataManager           : [GroupMetadataManager brokerId=0] Finished loading offsets and group metadata from __consumer_offsets-1 in 18 milliseconds for epoch 0, of which 18 milliseconds was spent in the scheduler.
2026-05-08T20:36:45.592+07:00  INFO 19644 --- [bidmart-wallet] [adata-manager-0] k.c.group.GroupMetadataManager           : [GroupMetadataManager brokerId=0] Finished loading offsets and group metadata from __consumer_offsets-0 in 18 milliseconds for epoch 0, of which 18 milliseconds was spent in the scheduler.
2026-05-08T20:36:45.702+07:00  INFO 19644 --- [bidmart-wallet] [ntainer#1-0-C-1] o.a.k.c.c.internals.ConsumerCoordinator  : [Consumer clientId=consumer-wallet-service-2, groupId=wallet-service] Discovered group coordinator localhost:49694 (id: 2147483647 rack: null)
2026-05-08T20:36:45.703+07:00  INFO 19644 --- [bidmart-wallet] [ntainer#0-0-C-1] o.a.k.c.c.internals.ConsumerCoordinator  : [Consumer clientId=consumer-wallet-service-1, groupId=wallet-service] Discovered group coordinator localhost:49694 (id: 2147483647 rack: null)
2026-05-08T20:36:45.708+07:00  INFO 19644 --- [bidmart-wallet] [ntainer#1-0-C-1] o.a.k.c.c.internals.ConsumerCoordinator  : [Consumer clientId=consumer-wallet-service-2, groupId=wallet-service] (Re-)joining group
2026-05-08T20:36:45.708+07:00  INFO 19644 --- [bidmart-wallet] [ntainer#0-0-C-1] o.a.k.c.c.internals.ConsumerCoordinator  : [Consumer clientId=consumer-wallet-service-1, groupId=wallet-service] (Re-)joining group
2026-05-08T20:36:45.764+07:00  INFO 19644 --- [bidmart-wallet] [quest-handler-4] k.coordinator.group.GroupCoordinator     : [GroupCoordinator 0]: Dynamic member with unknown member id joins group wallet-service in Empty state. Created a new member id consumer-wallet-service-2-4c69b89c-0cbe-4875-89cc-dcf2f4e2fee5 and request the member to rejoin with this id.
2026-05-08T20:36:45.768+07:00  INFO 19644 --- [bidmart-wallet] [quest-handler-7] k.coordinator.group.GroupCoordinator     : [GroupCoordinator 0]: Dynamic member with unknown member id joins group wallet-service in Empty state. Created a new member id consumer-wallet-service-1-da10f4e8-371f-4a94-863e-366c63ecb294 and request the member to rejoin with this id.
2026-05-08T20:36:45.772+07:00  INFO 19644 --- [bidmart-wallet] [ntainer#1-0-C-1] o.a.k.c.c.internals.ConsumerCoordinator  : [Consumer clientId=consumer-wallet-service-2, groupId=wallet-service] Request joining group due to: need to re-join with the given member-id: consumer-wallet-service-2-4c69b89c-0cbe-4875-89cc-dcf2f4e2fee5
2026-05-08T20:36:45.772+07:00  INFO 19644 --- [bidmart-wallet] [ntainer#0-0-C-1] o.a.k.c.c.internals.ConsumerCoordinator  : [Consumer clientId=consumer-wallet-service-1, groupId=wallet-service] Request joining group due to: need to re-join with the given member-id: consumer-wallet-service-1-da10f4e8-371f-4a94-863e-366c63ecb294
2026-05-08T20:36:45.773+07:00  INFO 19644 --- [bidmart-wallet] [ntainer#0-0-C-1] o.a.k.c.c.internals.ConsumerCoordinator  : [Consumer clientId=consumer-wallet-service-1, groupId=wallet-service] (Re-)joining group
2026-05-08T20:36:45.773+07:00  INFO 19644 --- [bidmart-wallet] [ntainer#1-0-C-1] o.a.k.c.c.internals.ConsumerCoordinator  : [Consumer clientId=consumer-wallet-service-2, groupId=wallet-service] (Re-)joining group
2026-05-08T20:36:45.791+07:00  INFO 19644 --- [bidmart-wallet] [quest-handler-0] k.coordinator.group.GroupCoordinator     : [GroupCoordinator 0]: Preparing to rebalance group wallet-service in state PreparingRebalance with old generation 0 (__consumer_offsets-1) (reason: Adding new member consumer-wallet-service-1-da10f4e8-371f-4a94-863e-366c63ecb294 with group instance id None; client reason: need to re-join with the given member-id: consumer-wallet-service-1-da10f4e8-371f-4a94-863e-366c63ecb294)
2026-05-08T20:36:45.801+07:00  INFO 19644 --- [bidmart-wallet] [cutor-Rebalance] k.coordinator.group.GroupCoordinator     : [GroupCoordinator 0]: Stabilized group wallet-service generation 1 (__consumer_offsets-1) with 2 members
2026-05-08T20:36:45.803+07:00  INFO 19644 --- [bidmart-wallet] [ntainer#1-0-C-1] o.a.k.c.c.internals.ConsumerCoordinator  : [Consumer clientId=consumer-wallet-service-2, groupId=wallet-service] Successfully joined group with generation Generation{generationId=1, memberId='consumer-wallet-service-2-4c69b89c-0cbe-4875-89cc-dcf2f4e2fee5', protocol='range'}
2026-05-08T20:36:45.804+07:00  INFO 19644 --- [bidmart-wallet] [ntainer#0-0-C-1] o.a.k.c.c.internals.ConsumerCoordinator  : [Consumer clientId=consumer-wallet-service-1, groupId=wallet-service] Successfully joined group with generation Generation{generationId=1, memberId='consumer-wallet-service-1-da10f4e8-371f-4a94-863e-366c63ecb294', protocol='range'}
2026-05-08T20:36:45.822+07:00  INFO 19644 --- [bidmart-wallet] [ntainer#0-0-C-1] o.a.k.c.c.internals.ConsumerCoordinator  : [Consumer clientId=consumer-wallet-service-1, groupId=wallet-service] Finished assignment for group at generation 1: {consumer-wallet-service-2-4c69b89c-0cbe-4875-89cc-dcf2f4e2fee5=Assignment(partitions=[auction.settled-0]), consumer-wallet-service-1-da10f4e8-371f-4a94-863e-366c63ecb294=Assignment(partitions=[auction.unsold-0])}
2026-05-08T20:36:45.830+07:00  INFO 19644 --- [bidmart-wallet] [quest-handler-3] k.coordinator.group.GroupCoordinator     : [GroupCoordinator 0]: Assignment received from leader consumer-wallet-service-1-da10f4e8-371f-4a94-863e-366c63ecb294 for group wallet-service for generation 1. The group has 2 members, 0 of which are static.
2026-05-08T20:36:45.924+07:00  INFO 19644 --- [bidmart-wallet] [ntainer#1-0-C-1] o.a.k.c.c.internals.ConsumerCoordinator  : [Consumer clientId=consumer-wallet-service-2, groupId=wallet-service] Successfully synced group in generation Generation{generationId=1, memberId='consumer-wallet-service-2-4c69b89c-0cbe-4875-89cc-dcf2f4e2fee5', protocol='range'}
2026-05-08T20:36:45.925+07:00  INFO 19644 --- [bidmart-wallet] [ntainer#0-0-C-1] o.a.k.c.c.internals.ConsumerCoordinator  : [Consumer clientId=consumer-wallet-service-1, groupId=wallet-service] Successfully synced group in generation Generation{generationId=1, memberId='consumer-wallet-service-1-da10f4e8-371f-4a94-863e-366c63ecb294', protocol='range'}
2026-05-08T20:36:45.925+07:00  INFO 19644 --- [bidmart-wallet] [ntainer#1-0-C-1] o.a.k.c.c.internals.ConsumerCoordinator  : [Consumer clientId=consumer-wallet-service-2, groupId=wallet-service] Notifying assignor about the new Assignment(partitions=[auction.settled-0])
2026-05-08T20:36:45.925+07:00  INFO 19644 --- [bidmart-wallet] [ntainer#0-0-C-1] o.a.k.c.c.internals.ConsumerCoordinator  : [Consumer clientId=consumer-wallet-service-1, groupId=wallet-service] Notifying assignor about the new Assignment(partitions=[auction.unsold-0])
2026-05-08T20:36:45.931+07:00  INFO 19644 --- [bidmart-wallet] [ntainer#1-0-C-1] k.c.c.i.ConsumerRebalanceListenerInvoker : [Consumer clientId=consumer-wallet-service-2, groupId=wallet-service] Adding newly assigned partitions: auction.settled-0
2026-05-08T20:36:45.931+07:00  INFO 19644 --- [bidmart-wallet] [ntainer#0-0-C-1] k.c.c.i.ConsumerRebalanceListenerInvoker : [Consumer clientId=consumer-wallet-service-1, groupId=wallet-service] Adding newly assigned partitions: auction.unsold-0
2026-05-08T20:36:45.954+07:00  INFO 19644 --- [bidmart-wallet] [ntainer#1-0-C-1] o.a.k.c.c.internals.ConsumerCoordinator  : [Consumer clientId=consumer-wallet-service-2, groupId=wallet-service] Found no committed offset for partition auction.settled-0
2026-05-08T20:36:45.954+07:00  INFO 19644 --- [bidmart-wallet] [ntainer#0-0-C-1] o.a.k.c.c.internals.ConsumerCoordinator  : [Consumer clientId=consumer-wallet-service-1, groupId=wallet-service] Found no committed offset for partition auction.unsold-0
2026-05-08T20:36:45.987+07:00  INFO 19644 --- [bidmart-wallet] [ntainer#0-0-C-1] o.a.k.c.c.internals.SubscriptionState    : [Consumer clientId=consumer-wallet-service-1, groupId=wallet-service] Resetting offset for partition auction.unsold-0 to position FetchPosition{offset=0, offsetEpoch=Optional.empty, currentLeader=LeaderAndEpoch{leader=Optional[localhost:49694 (id: 0 rack: null)], epoch=0}}.
2026-05-08T20:36:45.987+07:00  INFO 19644 --- [bidmart-wallet] [ntainer#1-0-C-1] o.a.k.c.c.internals.SubscriptionState    : [Consumer clientId=consumer-wallet-service-2, groupId=wallet-service] Resetting offset for partition auction.settled-0 to position FetchPosition{offset=0, offsetEpoch=Optional.empty, currentLeader=LeaderAndEpoch{leader=Optional[localhost:49694 (id: 0 rack: null)], epoch=0}}.
2026-05-08T20:36:45.988+07:00  INFO 19644 --- [bidmart-wallet] [ntainer#0-0-C-1] o.s.k.l.KafkaMessageListenerContainer    : wallet-service: partitions assigned: [auction.unsold-0]
2026-05-08T20:36:45.988+07:00  INFO 19644 --- [bidmart-wallet] [ntainer#1-0-C-1] o.s.k.l.KafkaMessageListenerContainer    : wallet-service: partitions assigned: [auction.settled-0]
2026-05-08T20:36:46.676+07:00  WARN 19644 --- [bidmart-wallet] [    Test worker] ration$PageModule$WarningLoggingModifier : Serializing PageImpl instances as-is is not supported, meaning that there is no guarantee about the stability of the resulting JSON structure!
	For a stable JSON structure, please use Spring Data's PagedModel (globally via @EnableSpringDataWebSupport(pageSerializationMode = VIA_DTO))
	or Spring HATEOAS and Spring Data's PagedResourcesAssembler as documented in https://docs.spring.io/spring-data/commons/reference/repositories/core-extensions.html#core.web.pageables.

]]></system-out>
  <system-err><![CDATA[]]></system-err>
</testsuite>
